
Gurobi 8.0.1 (mac64, Python) logging started Mon Jan 30 13:54:36 2023

Compute Server job ID: f42d4bf0-aab3-4538-bf0a-ad1a2fcf5adf
Capacity available on '10.202.116.175:80' - connecting...
Established HTTP unencrypted connection
Changed value of parameter mip_gap to 0.0
   Prev: 0.0001  Min: 0.0  Max: 1e+100  Default: 0.0001
Changed value of parameter time_limit to 3600.0
   Prev: 1e+100  Min: 0.0  Max: 1e+100  Default: 1e+100
Optimize a model with 20559 rows, 6480 columns and 73998 nonzeros
Variable types: 0 continuous, 6480 integer (6480 binary)
Coefficient statistics:
  Matrix range     [1e+00, 1e+00]
  Objective range  [1e+00, 1e+00]
  Bounds range     [1e+00, 1e+00]
  RHS range        [1e+00, 1e+00]
Presolve removed 400 rows and 2 columns
Presolve time: 0.61s
Presolved: 20159 rows, 6478 columns, 72886 nonzeros
Variable types: 0 continuous, 6478 integer (6478 binary)

Root simplex log...

Iteration    Objective       Primal Inf.    Dual Inf.      Time
   11177    3.6000132e+00   1.458211e+03   0.000000e+00      5s
   16947    3.6000312e+00   1.378320e+01   0.000000e+00     10s
   17364    3.6000000e+00   0.000000e+00   0.000000e+00     11s

Root relaxation: objective 3.600000e+00, 17364 iterations, 9.91 seconds
Total elapsed time = 23.64s
Total elapsed time = 29.26s
Total elapsed time = 31.87s
Total elapsed time = 37.75s

    Nodes    |    Current Node    |     Objective Bounds      |     Work
 Expl Unexpl |  Obj  Depth IntInf | Incumbent    BestBd   Gap | It/Node Time

     0     0    3.60000    0  139          -    3.60000      -     -   39s
H    0     0                      47.0000000    3.60000  92.3%     -   39s
H    0     0                      23.0000000    3.60000  84.3%     -   39s
H    0     0                      10.0000000    3.60000  64.0%     -   39s
     0     0    4.07407    0  303   10.00000    4.07407  59.3%     -   43s
     0     0    4.07407    0  312   10.00000    4.07407  59.3%     -   44s
     0     0    8.00000    0   25   10.00000    8.00000  20.0%     -   44s
     0     0 infeasible    0        10.00000   10.00000  0.00%     -   44s

Explored 1 nodes (68256 simplex iterations) in 44.84 seconds
Thread count was 4 (of 4 available processors)

Solution count 3: 10 23 47 

Optimal solution found (tolerance 0.00e+00)
Best objective 1.000000000000e+01, best bound 1.000000000000e+01, gap 0.0000%
Changed value of parameter mip_gap to 0.0
   Prev: 0.0001  Min: 0.0  Max: 1e+100  Default: 0.0001
Changed value of parameter time_limit to 3600.0
   Prev: 1e+100  Min: 0.0  Max: 1e+100  Default: 1e+100
Optimize a model with 33199 rows, 6400 columns and 126451 nonzeros
Variable types: 0 continuous, 6400 integer (6400 binary)
Coefficient statistics:
  Matrix range     [1e+00, 2e+00]
  Objective range  [1e+00, 1e+00]
  Bounds range     [1e+00, 1e+00]
  RHS range        [2e+00, 2e+00]
Presolve removed 1500 rows and 319 columns
Presolve time: 1.31s
Presolved: 31699 rows, 6081 columns, 122582 nonzeros
Variable types: 0 continuous, 6081 integer (6081 binary)
Found heuristic solution: objective 80.0000000
Presolved: 6081 rows, 37780 columns, 128663 nonzeros


Root relaxation: objective 2.800000e+00, 4065 iterations, 0.81 seconds

    Nodes    |    Current Node    |     Objective Bounds      |     Work
 Expl Unexpl |  Obj  Depth IntInf | Incumbent    BestBd   Gap | It/Node Time

     0     0    3.00000    0   53   80.00000    3.00000  96.2%     -    3s
H    0     0                      11.0000000    3.00000  72.7%     -    4s
     0     0    3.09091    0  251   11.00000    3.09091  71.9%     -    4s
H    0     0                      10.0000000    3.09091  69.1%     -    5s
     0     0    6.04167    0  108   10.00000    6.04167  39.6%     -    5s
     0     0    7.00000    0   11   10.00000    7.00000  30.0%     -    6s
     0     0    7.00000    0   14   10.00000    7.00000  30.0%     -    6s
     0     0    7.00000    0   24   10.00000    7.00000  30.0%     -    6s
     0     0    7.00000    0   13   10.00000    7.00000  30.0%     -    6s
     0     0    7.00000    0   10   10.00000    7.00000  30.0%     -    6s
     0     0    7.00000    0   11   10.00000    7.00000  30.0%     -    6s
     0     0    7.00000    0   13   10.00000    7.00000  30.0%     -    6s
     0     0    7.00000    0   11   10.00000    7.00000  30.0%     -    6s
     0     0    7.00000    0   14   10.00000    7.00000  30.0%     -    6s
     0     0    7.00000    0    8   10.00000    7.00000  30.0%     -    6s
     0     2    7.00000    0    8   10.00000    7.00000  30.0%     -    6s
  3612  1055    9.00000   36   24   10.00000    7.00000  30.0%  25.2   10s
 10377  2973    8.50000   32   15   10.00000    7.00000  30.0%  25.9   15s
 16174  2898    8.00000   35   40   10.00000    7.00000  30.0%  26.1   20s
 20849  3173    8.00000   39   44   10.00000    7.00000  30.0%  25.7   27s
 26296  4518 infeasible   42        10.00000    7.00000  30.0%  26.0   30s
 38580  5303 infeasible   46        10.00000    8.00000  20.0%  23.8   35s
 50838  6211    9.00000   47   26   10.00000    8.00000  20.0%  22.8   40s
 62274  6986    9.00000   46   60   10.00000    8.00000  20.0%  22.2   45s
 70064  7724 infeasible   38        10.00000    8.00000  20.0%  21.8   50s
 79175  7821 infeasible   44        10.00000    9.00000  10.0%  21.4   55s
 88658  5560 infeasible   47        10.00000    9.00000  10.0%  20.6   60s
 98978  3324 infeasible   38        10.00000    9.00000  10.0%  19.8   65s
 108639  1358    9.00000   45   64   10.00000    9.00000  10.0%  19.2   70s

Cutting planes:
  Gomory: 6
  MIR: 14
  Flow cover: 111
  Inf proof: 1
  Zero half: 49

Explored 114689 nodes (2170396 simplex iterations) in 72.85 seconds
Thread count was 4 (of 4 available processors)

Solution count 3: 10 11 80 

Optimal solution found (tolerance 0.00e+00)
Best objective 1.000000000000e+01, best bound 1.000000000000e+01, gap 0.0000%

Compute Server communication statistics:
  Sent: 0.5 MBytes in 78 msgs and 0.00s (0.00 MB/s)
  Received: 0.1 MBytes in 191 msgs and 0.00s (0.00 MB/s)


Gurobi 8.0.1 (mac64, Python) logging started Mon Jan 30 13:58:05 2023

Compute Server job ID: 8898600c-21f5-4fe5-af1f-1fd4e7c01429
Capacity available on '10.202.116.175:80' - connecting...
Established HTTP unencrypted connection
Changed value of parameter mip_gap to 0.0
   Prev: 0.0001  Min: 0.0  Max: 1e+100  Default: 0.0001
Changed value of parameter time_limit to 3600.0
   Prev: 1e+100  Min: 0.0  Max: 1e+100  Default: 1e+100
Optimize a model with 20559 rows, 6480 columns and 73998 nonzeros
Variable types: 0 continuous, 6480 integer (6480 binary)
Coefficient statistics:
  Matrix range     [1e+00, 1e+00]
  Objective range  [1e+00, 1e+00]
  Bounds range     [1e+00, 1e+00]
  RHS range        [1e+00, 1e+00]
Presolve removed 400 rows and 2 columns
Presolve time: 0.87s
Presolved: 20159 rows, 6478 columns, 72886 nonzeros
Variable types: 0 continuous, 6478 integer (6478 binary)

Root simplex log...

Iteration    Objective       Primal Inf.    Dual Inf.      Time
   10741    3.6000099e+00   2.447512e+03   0.000000e+00      5s
   16947    3.6000312e+00   1.378320e+01   0.000000e+00     10s
   17364    3.6000000e+00   0.000000e+00   0.000000e+00     11s

Root relaxation: objective 3.600000e+00, 17364 iterations, 9.61 seconds
Total elapsed time = 22.48s
Total elapsed time = 26.45s
Total elapsed time = 34.28s

    Nodes    |    Current Node    |     Objective Bounds      |     Work
 Expl Unexpl |  Obj  Depth IntInf | Incumbent    BestBd   Gap | It/Node Time

     0     0    3.60000    0  139          -    3.60000      -     -   35s
H    0     0                      47.0000000    3.60000  92.3%     -   35s
H    0     0                      23.0000000    3.60000  84.3%     -   35s
H    0     0                      10.0000000    3.60000  64.0%     -   35s
     0     0    4.07407    0  303   10.00000    4.07407  59.3%     -   39s
     0     0    4.07407    0  312   10.00000    4.07407  59.3%     -   40s
     0     0    8.00000    0   25   10.00000    8.00000  20.0%     -   41s
     0     0 infeasible    0        10.00000   10.00000  0.00%     -   41s

Explored 1 nodes (68256 simplex iterations) in 41.63 seconds
Thread count was 4 (of 4 available processors)

Solution count 3: 10 23 47 

Optimal solution found (tolerance 0.00e+00)
Best objective 1.000000000000e+01, best bound 1.000000000000e+01, gap 0.0000%
Changed value of parameter mip_gap to 0.0
   Prev: 0.0001  Min: 0.0  Max: 1e+100  Default: 0.0001
Changed value of parameter time_limit to 3600.0
   Prev: 1e+100  Min: 0.0  Max: 1e+100  Default: 1e+100
Optimize a model with 33199 rows, 6400 columns and 126451 nonzeros
Variable types: 0 continuous, 6400 integer (6400 binary)
Coefficient statistics:
  Matrix range     [1e+00, 2e+00]
  Objective range  [1e+00, 1e+00]
  Bounds range     [1e+00, 1e+00]
  RHS range        [2e+00, 2e+00]
Presolve removed 1500 rows and 319 columns
Presolve time: 1.31s
Presolved: 31699 rows, 6081 columns, 122582 nonzeros
Variable types: 0 continuous, 6081 integer (6081 binary)
Found heuristic solution: objective 80.0000000
Presolved: 6081 rows, 37780 columns, 128663 nonzeros


Root relaxation: objective 2.800000e+00, 4065 iterations, 0.79 seconds

    Nodes    |    Current Node    |     Objective Bounds      |     Work
 Expl Unexpl |  Obj  Depth IntInf | Incumbent    BestBd   Gap | It/Node Time

     0     0    3.00000    0   53   80.00000    3.00000  96.2%     -    3s
H    0     0                      11.0000000    3.00000  72.7%     -    4s
     0     0    3.09091    0  251   11.00000    3.09091  71.9%     -    4s
H    0     0                      10.0000000    3.09091  69.1%     -    5s
     0     0    6.04167    0  108   10.00000    6.04167  39.6%     -    5s
     0     0    7.00000    0   11   10.00000    7.00000  30.0%     -    5s
     0     0    7.00000    0   14   10.00000    7.00000  30.0%     -    6s
     0     0    7.00000    0   24   10.00000    7.00000  30.0%     -    6s
     0     0    7.00000    0   13   10.00000    7.00000  30.0%     -    6s
     0     0    7.00000    0   10   10.00000    7.00000  30.0%     -    6s
     0     0    7.00000    0   11   10.00000    7.00000  30.0%     -    6s
     0     0    7.00000    0   13   10.00000    7.00000  30.0%     -    6s
     0     0    7.00000    0   11   10.00000    7.00000  30.0%     -    6s
     0     0    7.00000    0   14   10.00000    7.00000  30.0%     -    6s
     0     0    7.00000    0    8   10.00000    7.00000  30.0%     -    6s
     0     2    7.00000    0    8   10.00000    7.00000  30.0%     -    6s
  5904  1682    7.00000   26   56   10.00000    7.00000  30.0%  25.4   10s
 13273  3065    8.00000   46   40   10.00000    7.00000  30.0%  26.1   15s
 20849  3173    8.00000   39   44   10.00000    7.00000  30.0%  25.7   23s
 22911  3754 infeasible   39        10.00000    7.00000  30.0%  26.0   25s
 31592  4924 infeasible   40        10.00000    8.00000  20.0%  24.6   30s
 40123  5472    8.00000   36   39   10.00000    8.00000  20.0%  23.6   35s
 49441  6116    9.00000   42   33   10.00000    8.00000  20.0%  22.9   40s
 58506  6789 infeasible   47        10.00000    8.00000  20.0%  22.4   45s
 71049  7813 infeasible   45        10.00000    8.00000  20.0%  21.8   50s
 82951  6925    9.00000   53   28   10.00000    9.00000  10.0%  21.1   55s
 95443  4039 infeasible   46        10.00000    9.00000  10.0%  20.1   60s
 107728  1534    9.00000   50    9   10.00000    9.00000  10.0%  19.2   65s

Cutting planes:
  Gomory: 6
  MIR: 14
  Flow cover: 111
  Inf proof: 1
  Zero half: 49

Explored 114689 nodes (2170396 simplex iterations) in 69.18 seconds
Thread count was 4 (of 4 available processors)

Solution count 3: 10 11 80 

Optimal solution found (tolerance 0.00e+00)
Best objective 1.000000000000e+01, best bound 1.000000000000e+01, gap 0.0000%

Gurobi 8.0.1 (mac64, Python) logging started Mon Jan 30 14:01:09 2023

Compute Server job ID: f608b0a6-aa7b-4904-965b-e03b3b057c6a
Capacity available on '10.202.116.175:80' - connecting...
Established HTTP unencrypted connection
Changed value of parameter mip_gap to 0.0
   Prev: 0.0001  Min: 0.0  Max: 1e+100  Default: 0.0001
Changed value of parameter time_limit to 3600.0
   Prev: 1e+100  Min: 0.0  Max: 1e+100  Default: 1e+100
Optimize a model with 20559 rows, 6480 columns and 73998 nonzeros
Variable types: 0 continuous, 6480 integer (6480 binary)
Coefficient statistics:
  Matrix range     [1e+00, 1e+00]
  Objective range  [1e+00, 1e+00]
  Bounds range     [1e+00, 1e+00]
  RHS range        [1e+00, 1e+00]
Presolve removed 400 rows and 2 columns
Presolve time: 0.66s
Presolved: 20159 rows, 6478 columns, 72886 nonzeros
Variable types: 0 continuous, 6478 integer (6478 binary)

Root simplex log...

Iteration    Objective       Primal Inf.    Dual Inf.      Time
   11003    3.6000114e+00   1.373543e+03   0.000000e+00      5s

Root relaxation: interrupted, 15256 iterations, 7.74 seconds

    Nodes    |    Current Node    |     Objective Bounds      |     Work
 Expl Unexpl |  Obj  Depth IntInf | Incumbent    BestBd   Gap | It/Node Time

     0     0          -    0               -    2.00000      -     -    8s

Gurobi 8.0.1 (mac64, Python) logging started Mon Jan 30 14:01:56 2023

Compute Server job ID: e7a7ec6c-a01e-4ce8-a477-595257016dee
Capacity available on '10.202.116.175:80' - connecting...
Established HTTP unencrypted connection
Changed value of parameter mip_gap to 0.0
   Prev: 0.0001  Min: 0.0  Max: 1e+100  Default: 0.0001
Changed value of parameter time_limit to 3600.0
   Prev: 1e+100  Min: 0.0  Max: 1e+100  Default: 1e+100
Optimize a model with 20559 rows, 6480 columns and 73998 nonzeros
Variable types: 0 continuous, 6480 integer (6480 binary)
Coefficient statistics:
  Matrix range     [1e+00, 1e+00]
  Objective range  [1e+00, 1e+00]
  Bounds range     [1e+00, 1e+00]
  RHS range        [1e+00, 1e+00]
Presolve removed 400 rows and 2 columns
Presolve time: 0.99s
Presolved: 20159 rows, 6478 columns, 72886 nonzeros
Variable types: 0 continuous, 6478 integer (6478 binary)

Root simplex log...

Iteration    Objective       Primal Inf.    Dual Inf.      Time
   10400    3.6000068e+00   1.074463e+03   0.000000e+00      5s
   16650    3.6000311e+00   2.026522e+01   0.000000e+00     10s
   17364    3.6000000e+00   0.000000e+00   0.000000e+00     11s

Root relaxation: objective 3.600000e+00, 17364 iterations, 9.83 seconds
Total elapsed time = 22.91s
Total elapsed time = 26.77s
Total elapsed time = 34.50s

    Nodes    |    Current Node    |     Objective Bounds      |     Work
 Expl Unexpl |  Obj  Depth IntInf | Incumbent    BestBd   Gap | It/Node Time

     0     0    3.60000    0  139          -    3.60000      -     -   35s
H    0     0                      47.0000000    3.60000  92.3%     -   35s
H    0     0                      23.0000000    3.60000  84.3%     -   36s
H    0     0                      10.0000000    3.60000  64.0%     -   36s
     0     0    4.07407    0  303   10.00000    4.07407  59.3%     -   39s
     0     0    4.07407    0  312   10.00000    4.07407  59.3%     -   41s
     0     0    8.00000    0   25   10.00000    8.00000  20.0%     -   41s
     0     0 infeasible    0        10.00000   10.00000  0.00%     -   41s

Explored 1 nodes (68256 simplex iterations) in 41.81 seconds
Thread count was 4 (of 4 available processors)

Solution count 3: 10 23 47 

Optimal solution found (tolerance 0.00e+00)
Best objective 1.000000000000e+01, best bound 1.000000000000e+01, gap 0.0000%
Changed value of parameter mip_gap to 0.0
   Prev: 0.0001  Min: 0.0  Max: 1e+100  Default: 0.0001
Changed value of parameter time_limit to 3600.0
   Prev: 1e+100  Min: 0.0  Max: 1e+100  Default: 1e+100
Optimize a model with 33199 rows, 6400 columns and 126451 nonzeros
Variable types: 0 continuous, 6400 integer (6400 binary)
Coefficient statistics:
  Matrix range     [1e+00, 2e+00]
  Objective range  [1e+00, 1e+00]
  Bounds range     [1e+00, 1e+00]
  RHS range        [2e+00, 2e+00]
Presolve removed 1500 rows and 319 columns
Presolve time: 1.26s
Presolved: 31699 rows, 6081 columns, 122582 nonzeros
Variable types: 0 continuous, 6081 integer (6081 binary)
Found heuristic solution: objective 80.0000000
Presolved: 6081 rows, 37780 columns, 128663 nonzeros


Root relaxation: objective 2.800000e+00, 4065 iterations, 0.83 seconds

    Nodes    |    Current Node    |     Objective Bounds      |     Work
 Expl Unexpl |  Obj  Depth IntInf | Incumbent    BestBd   Gap | It/Node Time

     0     0    3.00000    0   53   80.00000    3.00000  96.2%     -    3s
H    0     0                      11.0000000    3.00000  72.7%     -    4s
     0     0    3.09091    0  251   11.00000    3.09091  71.9%     -    4s
H    0     0                      10.0000000    3.09091  69.1%     -    5s
     0     0    6.04167    0  108   10.00000    6.04167  39.6%     -    5s
     0     0    7.00000    0   11   10.00000    7.00000  30.0%     -    6s
     0     0    7.00000    0   14   10.00000    7.00000  30.0%     -    6s
     0     0    7.00000    0   24   10.00000    7.00000  30.0%     -    6s
     0     0    7.00000    0   13   10.00000    7.00000  30.0%     -    6s
     0     0    7.00000    0   10   10.00000    7.00000  30.0%     -    6s
     0     0    7.00000    0   11   10.00000    7.00000  30.0%     -    6s
     0     0    7.00000    0   13   10.00000    7.00000  30.0%     -    6s
     0     0    7.00000    0   11   10.00000    7.00000  30.0%     -    6s
     0     0    7.00000    0   14   10.00000    7.00000  30.0%     -    6s
     0     0    7.00000    0    8   10.00000    7.00000  30.0%     -    6s
     0     2    7.00000    0    8   10.00000    7.00000  30.0%     -    6s
  4223  1218 infeasible   37        10.00000    7.00000  30.0%  25.2   10s
 11730  3085    9.00000   43   11   10.00000    7.00000  30.0%  26.1   15s
 20849  3173    8.00000   39   44   10.00000    7.00000  30.0%  25.7   23s
 23795  4026    8.00000   38   34   10.00000    7.00000  30.0%  26.0   25s
 34057  5007    9.00000   42   18   10.00000    8.00000  20.0%  24.4   30s
 41647  5582    8.00000   36   30   10.00000    8.00000  20.0%  23.5   35s
 50466  6174 infeasible   46        10.00000    8.00000  20.0%  22.8   40s
 59353  6791    9.00000   44   41   10.00000    8.00000  20.0%  22.4   45s
 68591  7614 infeasible   43        10.00000    8.00000  20.0%  21.9   50s
 77859  8173    8.00000   37   32   10.00000    8.00000  20.0%  21.6   55s
 89893  5311    9.00000   41   33   10.00000    9.00000  10.0%  20.4   60s
 102417  2715 infeasible   52        10.00000    9.00000  10.0%  19.5   65s

Cutting planes:
  Gomory: 6
  MIR: 14
  Flow cover: 111
  Inf proof: 1
  Zero half: 49

Explored 114689 nodes (2170396 simplex iterations) in 69.97 seconds
Thread count was 4 (of 4 available processors)

Solution count 3: 10 11 80 

Optimal solution found (tolerance 0.00e+00)
Best objective 1.000000000000e+01, best bound 1.000000000000e+01, gap 0.0000%
Changed value of parameter mip_gap to 0.0
   Prev: 0.0001  Min: 0.0  Max: 1e+100  Default: 0.0001
Changed value of parameter time_limit to 3600.0
   Prev: 1e+100  Min: 0.0  Max: 1e+100  Default: 1e+100
Optimize a model with 33279 rows, 12800 columns and 92958 nonzeros
Variable types: 0 continuous, 12800 integer (12800 binary)
Coefficient statistics:
  Matrix range     [1e+00, 1e+00]
  Objective range  [1e+00, 1e+00]
  Bounds range     [1e+00, 1e+00]
  RHS range        [1e+00, 1e+00]
Presolve removed 6355 rows and 5119 columns
Presolve time: 1.46s
Presolved: 26924 rows, 7681 columns, 85371 nonzeros
Variable types: 0 continuous, 7681 integer (7681 binary)
Found heuristic solution: objective 80.0000000

Root relaxation: objective 4.399999e+00, 2629 iterations, 0.33 seconds

    Nodes    |    Current Node    |     Objective Bounds      |     Work
 Expl Unexpl |  Obj  Depth IntInf | Incumbent    BestBd   Gap | It/Node Time

     0     0    4.40000    0  714   80.00000    4.40000  94.5%     -    2s
H    0     0                      79.0000000    4.40000  94.4%     -    3s
H    0     0                      11.0000000    4.40000  60.0%     -    3s
     0     0    5.91760    0  262   11.00000    5.91760  46.2%     -    3s
*    0     0               0      10.0000000   10.00000  0.00%     -    3s

Explored 1 nodes (5402 simplex iterations) in 3.99 seconds
Thread count was 4 (of 4 available processors)

Solution count 4: 10 11 79 80 

Optimal solution found (tolerance 0.00e+00)
Best objective 1.000000000000e+01, best bound 1.000000000000e+01, gap 0.0000%

Compute Server communication statistics:
  Sent: 0.8 MBytes in 117 msgs and 0.00s (0.00 MB/s)
  Received: 0.1 MBytes in 209 msgs and 0.00s (0.00 MB/s)


Gurobi 8.0.1 (mac64, Python) logging started Mon Jan 30 14:04:28 2023

Compute Server job ID: 2d854929-ecb7-4afe-970b-aff6630d2c04
Capacity available on '10.202.116.175:80' - connecting...
Established HTTP unencrypted connection
Changed value of parameter mip_gap to 0.0
   Prev: 0.0001  Min: 0.0  Max: 1e+100  Default: 0.0001
Changed value of parameter time_limit to 3600.0
   Prev: 1e+100  Min: 0.0  Max: 1e+100  Default: 1e+100
Optimize a model with 20559 rows, 6480 columns and 73998 nonzeros
Variable types: 0 continuous, 6480 integer (6480 binary)
Coefficient statistics:
  Matrix range     [1e+00, 1e+00]
  Objective range  [1e+00, 1e+00]
  Bounds range     [1e+00, 1e+00]
  RHS range        [1e+00, 1e+00]
Presolve removed 400 rows and 2 columns
Presolve time: 0.98s
Presolved: 20159 rows, 6478 columns, 72886 nonzeros
Variable types: 0 continuous, 6478 integer (6478 binary)

Root simplex log...

Iteration    Objective       Primal Inf.    Dual Inf.      Time
   10741    3.6000099e+00   2.447512e+03   0.000000e+00      5s
   16947    3.6000312e+00   1.378320e+01   0.000000e+00     10s
   17364    3.6000000e+00   0.000000e+00   0.000000e+00     11s

Root relaxation: objective 3.600000e+00, 17364 iterations, 9.51 seconds
Total elapsed time = 22.85s
Total elapsed time = 26.83s
Total elapsed time = 34.71s

    Nodes    |    Current Node    |     Objective Bounds      |     Work
 Expl Unexpl |  Obj  Depth IntInf | Incumbent    BestBd   Gap | It/Node Time

     0     0    3.60000    0  139          -    3.60000      -     -   36s
H    0     0                      47.0000000    3.60000  92.3%     -   36s
H    0     0                      23.0000000    3.60000  84.3%     -   36s
H    0     0                      10.0000000    3.60000  64.0%     -   36s
     0     0    4.07407    0  303   10.00000    4.07407  59.3%     -   40s
     0     0    4.07407    0  312   10.00000    4.07407  59.3%     -   41s
     0     0    8.00000    0   25   10.00000    8.00000  20.0%     -   41s
     0     0 infeasible    0        10.00000   10.00000  0.00%     -   41s

Explored 1 nodes (68256 simplex iterations) in 41.82 seconds
Thread count was 4 (of 4 available processors)

Solution count 3: 10 23 47 

Optimal solution found (tolerance 0.00e+00)
Best objective 1.000000000000e+01, best bound 1.000000000000e+01, gap 0.0000%
Changed value of parameter mip_gap to 0.0
   Prev: 0.0001  Min: 0.0  Max: 1e+100  Default: 0.0001
Changed value of parameter time_limit to 3600.0
   Prev: 1e+100  Min: 0.0  Max: 1e+100  Default: 1e+100
Optimize a model with 33199 rows, 6400 columns and 126451 nonzeros
Variable types: 0 continuous, 6400 integer (6400 binary)
Coefficient statistics:
  Matrix range     [1e+00, 2e+00]
  Objective range  [1e+00, 1e+00]
  Bounds range     [1e+00, 1e+00]
  RHS range        [2e+00, 2e+00]
Presolve removed 1500 rows and 319 columns
Presolve time: 1.35s
Presolved: 31699 rows, 6081 columns, 122582 nonzeros
Variable types: 0 continuous, 6081 integer (6081 binary)
Found heuristic solution: objective 80.0000000
Presolved: 6081 rows, 37780 columns, 128663 nonzeros


Root relaxation: objective 2.800000e+00, 4065 iterations, 0.79 seconds

    Nodes    |    Current Node    |     Objective Bounds      |     Work
 Expl Unexpl |  Obj  Depth IntInf | Incumbent    BestBd   Gap | It/Node Time

     0     0    3.00000    0   53   80.00000    3.00000  96.2%     -    3s
H    0     0                      11.0000000    3.00000  72.7%     -    4s
     0     0    3.09091    0  251   11.00000    3.09091  71.9%     -    4s
H    0     0                      10.0000000    3.09091  69.1%     -    5s
     0     0    6.04167    0  108   10.00000    6.04167  39.6%     -    5s
     0     0    7.00000    0   11   10.00000    7.00000  30.0%     -    5s
     0     0    7.00000    0   14   10.00000    7.00000  30.0%     -    6s
     0     0    7.00000    0   24   10.00000    7.00000  30.0%     -    6s
     0     0    7.00000    0   13   10.00000    7.00000  30.0%     -    6s
     0     0    7.00000    0   10   10.00000    7.00000  30.0%     -    6s
     0     0    7.00000    0   11   10.00000    7.00000  30.0%     -    6s
     0     0    7.00000    0   13   10.00000    7.00000  30.0%     -    6s
     0     0    7.00000    0   11   10.00000    7.00000  30.0%     -    6s
     0     0    7.00000    0   14   10.00000    7.00000  30.0%     -    6s
     0     0    7.00000    0    8   10.00000    7.00000  30.0%     -    6s
     0     2    7.00000    0    8   10.00000    7.00000  30.0%     -    6s
  4738  1386    9.00000   34   35   10.00000    7.00000  30.0%  24.8   10s
 10381  2975    8.00000   28   16   10.00000    7.00000  30.0%  25.9   15s
 16459  2900    9.00000   39   14   10.00000    7.00000  30.0%  26.1   20s
 20849  3173    8.00000   39   44   10.00000    7.00000  30.0%  25.7   27s
 24857  4398    9.00000   48   33   10.00000    7.00000  30.0%  26.3   30s
 34057  5007    9.00000   42   18   10.00000    8.00000  20.0%  24.4   35s
 46037  5951 infeasible   43        10.00000    8.00000  20.0%  23.1   40s
 57920  6720    8.00000   37   39   10.00000    8.00000  20.0%  22.4   45s
 70484  7771 infeasible   42        10.00000    8.00000  20.0%  21.8   50s
 82951  6925    9.00000   53   28   10.00000    9.00000  10.0%  21.1   55s
 90370  5154    9.00000   41   36   10.00000    9.00000  10.0%  20.4   60s
 100912  2966 infeasible   48        10.00000    9.00000  10.0%  19.7   65s
 110905   821 infeasible   42        10.00000    9.00000  10.0%  19.1   70s

Cutting planes:
  Gomory: 6
  MIR: 14
  Flow cover: 111
  Inf proof: 1
  Zero half: 49

Explored 114689 nodes (2170396 simplex iterations) in 71.89 seconds
Thread count was 4 (of 4 available processors)

Solution count 3: 10 11 80 

Optimal solution found (tolerance 0.00e+00)
Best objective 1.000000000000e+01, best bound 1.000000000000e+01, gap 0.0000%
Changed value of parameter mip_gap to 0.0
   Prev: 0.0001  Min: 0.0  Max: 1e+100  Default: 0.0001
Changed value of parameter time_limit to 3600.0
   Prev: 1e+100  Min: 0.0  Max: 1e+100  Default: 1e+100
Optimize a model with 33279 rows, 12800 columns and 92958 nonzeros
Variable types: 0 continuous, 12800 integer (12800 binary)
Coefficient statistics:
  Matrix range     [1e+00, 1e+00]
  Objective range  [1e+00, 1e+00]
  Bounds range     [1e+00, 1e+00]
  RHS range        [1e+00, 1e+00]
Presolve removed 6355 rows and 5119 columns
Presolve time: 1.19s
Presolved: 26924 rows, 7681 columns, 85371 nonzeros
Variable types: 0 continuous, 7681 integer (7681 binary)
Found heuristic solution: objective 80.0000000

Root relaxation: objective 4.399999e+00, 2629 iterations, 0.35 seconds

    Nodes    |    Current Node    |     Objective Bounds      |     Work
 Expl Unexpl |  Obj  Depth IntInf | Incumbent    BestBd   Gap | It/Node Time

     0     0    4.40000    0  714   80.00000    4.40000  94.5%     -    2s
H    0     0                      79.0000000    4.40000  94.4%     -    2s
H    0     0                      11.0000000    4.40000  60.0%     -    2s
     0     0    5.91760    0  262   11.00000    5.91760  46.2%     -    3s
*    0     0               0      10.0000000   10.00000  0.00%     -    3s

Explored 1 nodes (5402 simplex iterations) in 3.62 seconds
Thread count was 4 (of 4 available processors)

Solution count 4: 10 11 79 80 

Optimal solution found (tolerance 0.00e+00)
Best objective 1.000000000000e+01, best bound 1.000000000000e+01, gap 0.0000%
Changed value of parameter mip_gap to 0.0
   Prev: 0.0001  Min: 0.0  Max: 1e+100  Default: 0.0001
Changed value of parameter time_limit to 3600.0
   Prev: 1e+100  Min: 0.0  Max: 1e+100  Default: 1e+100
Optimize a model with 68447 rows, 19182 columns and 242602 nonzeros
Variable types: 0 continuous, 19182 integer (19182 binary)
Coefficient statistics:
  Matrix range     [1e+00, 1e+00]
  Objective range  [1e+00, 1e+00]
  Bounds range     [1e+00, 1e+00]
  RHS range        [1e+00, 1e+00]
Presolve removed 762 rows and 2 columns
Presolve time: 2.34s
Presolved: 67685 rows, 19180 columns, 240580 nonzeros
Variable types: 0 continuous, 19180 integer (19180 binary)

Deterministic concurrent LP optimizer: primal and dual simplex
Showing first log only...

Presolved: 67685 rows, 19180 columns, 240580 nonzeros


Root simplex log...

Iteration    Objective       Primal Inf.    Dual Inf.      Time
   12625    2.9668341e+00   1.947276e+01   1.739505e+10      5s
   19375    3.4030332e+00   1.335859e+01   6.408901e+09     10s
   27025    3.9967653e+00   2.259644e+00   8.938758e+09     15s
   32875    4.2922978e+00   7.837845e-01   2.153802e+09     20s
   36985    4.7998010e+00   4.903831e-01   2.300291e+09     25s
   39755    5.3520463e+00   2.164256e-01   7.534969e+08     30s
   41925    5.4904016e+00   1.306255e-01   9.292655e+09     35s
   44145    5.9036965e+00   5.208997e-02   1.333393e+08     40s
   46575    5.3199010e+00   1.970957e-03   2.355759e+08     45s
   48505    4.3222936e+00   0.000000e+00   4.424085e+03     50s
   50875    4.0269229e+00   0.000000e+00   2.089296e+03     55s
   54285    3.9213297e+00   0.000000e+00   6.236121e+03     60s
   58127    3.6379004e+00   0.000000e+00   2.875732e+03     65s
   61277    3.6179026e+00   0.000000e+00   4.234278e+03     70s
   65342    3.6363636e+00   2.087879e+01   0.000000e+00     75s
   66369    3.6363636e+00   0.000000e+00   0.000000e+00     77s
Concurrent spin time: 17.43s

Solved with primal simplex

Root relaxation: objective 3.636364e+00, 66369 iterations, 92.27 seconds
Total elapsed time = 101.01s
Total elapsed time = 116.51s
Total elapsed time = 139.08s

    Nodes    |    Current Node    |     Objective Bounds      |     Work
 Expl Unexpl |  Obj  Depth IntInf | Incumbent    BestBd   Gap | It/Node Time

     0     0    3.63636    0  228          -    3.63636      -     -  144s
H    0     0                      83.0000000    3.63636  95.6%     -  144s
H    0     0                      12.0000000    3.63636  69.7%     -  145s
H    0     0                      11.0000000    3.63636  66.9%     -  146s
     0     0    4.05714    0  565   11.00000    4.05714  63.1%     -  196s
     0     0    4.05714    0  565   11.00000    4.05714  63.1%     -  200s
     0     0 infeasible    0        11.00000   11.00000  0.00%     -  201s
     0     0 infeasible    0        11.00000   11.00000  0.00%     -  201s

Cutting planes:
  Gomory: 1
  Clique: 164

Explored 1 nodes (131511 simplex iterations) in 201.41 seconds
Thread count was 4 (of 4 available processors)

Solution count 3: 11 12 83 

Optimal solution found (tolerance 0.00e+00)
Best objective 1.100000000000e+01, best bound 1.100000000000e+01, gap 0.0000%
Changed value of parameter mip_gap to 0.0
   Prev: 0.0001  Min: 0.0  Max: 1e+100  Default: 0.0001
Changed value of parameter time_limit to 3600.0
   Prev: 1e+100  Min: 0.0  Max: 1e+100  Default: 1e+100
Optimize a model with 106259 rows, 19044 columns and 414945 nonzeros
Variable types: 0 continuous, 19044 integer (19044 binary)
Coefficient statistics:
  Matrix range     [1e+00, 2e+00]
  Objective range  [1e+00, 1e+00]
  Bounds range     [1e+00, 1e+00]
  RHS range        [2e+00, 2e+00]
Presolve removed 1525 rows and 140 columns
Presolve time: 3.16s
Presolved: 104734 rows, 18904 columns, 410351 nonzeros
Variable types: 0 continuous, 18904 integer (18904 binary)
Found heuristic solution: objective 117.0000000
Found heuristic solution: objective 11.0000000

Deterministic concurrent LP optimizer: primal and dual simplex
Showing first log only...

Presolved: 18904 rows, 123638 columns, 429255 nonzeros

Concurrent spin time: 0.01s

Solved with dual simplex

Root relaxation: objective 2.863636e+00, 1768 iterations, 0.72 seconds

    Nodes    |    Current Node    |     Objective Bounds      |     Work
 Expl Unexpl |  Obj  Depth IntInf | Incumbent    BestBd   Gap | It/Node Time

     0     0    3.00000    0   93   11.00000    3.00000  72.7%     -    5s
     0     0    3.20000    0  209   11.00000    3.20000  70.9%     -   13s
     0     0    3.40000    0  305   11.00000    3.40000  69.1%     -   16s
     0     0    4.00000    0   61   11.00000    4.00000  63.6%     -   17s
     0     0    4.00000    0   46   11.00000    4.00000  63.6%     -   19s
     0     0    4.00000    0   68   11.00000    4.00000  63.6%     -   19s
     0     0    4.00000    0   72   11.00000    4.00000  63.6%     -   19s
     0     0    4.00000    0   73   11.00000    4.00000  63.6%     -   19s
     0     0    4.00000    0   85   11.00000    4.00000  63.6%     -   19s
     0     0    4.00000    0   79   11.00000    4.00000  63.6%     -   19s
     0     0    4.00000    0   79   11.00000    4.00000  63.6%     -   19s
     0     0    4.00000    0   54   11.00000    4.00000  63.6%     -   19s
     0     0    4.00000    0   91   11.00000    4.00000  63.6%     -   19s
     0     0    4.00000    0   68   11.00000    4.00000  63.6%     -   19s
     0     0    4.00000    0   68   11.00000    4.00000  63.6%     -   19s
     0     2    4.00000    0   68   11.00000    4.00000  63.6%     -   19s
     3     8    4.00000    2   72   11.00000    4.00000  63.6%   202   20s
  1127   812    5.00000   17   92   11.00000    5.00000  54.5%  57.3   25s
  1957  1211    7.00000   33   64   11.00000    5.00000  54.5%  60.3   30s
  3988  2276    6.00000   27   84   11.00000    5.00000  54.5%  55.7   35s
  6134  3898    9.00000   36   95   11.00000    5.00000  54.5%  56.7   40s
  8300  5378    6.00000   23  116   11.00000    5.00000  54.5%  57.7   45s
 11237  7277    9.00000   45   36   11.00000    6.00000  45.5%  54.4   50s
 14828  9439    6.00000   31   73   11.00000    6.00000  45.5%  51.8   55s
 18838 11827    8.00000   38   66   11.00000    6.00000  45.5%  50.9   60s
 21385 13243    9.00000   41   61   11.00000    6.00000  45.5%  50.2   76s
 21399 13252    8.00000   31   82   11.00000    6.00000  45.5%  50.1   80s
 21606 13360    6.05155   36  167   11.00000    6.00000  45.5%  50.8   86s
 22683 13601    9.00000   48   56   11.00000    6.00000  45.5%  51.9   90s
 24578 14024 infeasible   43        11.00000    6.00000  45.5%  53.8   95s
 26354 14352    7.00000   43   76   11.00000    6.00000  45.5%  56.1  100s
 28290 14755 infeasible   46        11.00000    6.00000  45.5%  58.6  105s
 29880 14987    9.00000   53   52   11.00000    6.00000  45.5%  60.6  110s
 31835 15218    7.00000   40   73   11.00000    6.00000  45.5%  62.0  115s
 33923 14943    7.00000   45   66   11.00000    7.00000  36.4%  61.9  121s
 36182 15168 infeasible   56        11.00000    7.00000  36.4%  61.5  125s
 38953 15265 infeasible   51        11.00000    7.00000  36.4%  61.1  130s
 41149 15485    9.00000   50   30   11.00000    7.00000  36.4%  61.3  135s
 43453 15678   10.00000   52   80   11.00000    7.00000  36.4%  61.3  140s
 46306 15995 infeasible   51        11.00000    7.00000  36.4%  61.1  145s
 48894 16131    8.00000   49   72   11.00000    7.00000  36.4%  61.2  150s
 51964 16430    8.00000   48   96   11.00000    7.00000  36.4%  61.3  155s
 53271 16539    7.00000   42   68   11.00000    7.00000  36.4%  61.0  160s
 54125 16834    8.00000   57   49   11.00000    7.00000  36.4%  61.1  165s
 56185 17312    7.00000   57   46   11.00000    7.00000  36.4%  61.1  170s
 58203 17871    7.00000   57   66   11.00000    7.00000  36.4%  61.4  175s
 60971 18531    8.00000   59   52   11.00000    7.00000  36.4%  61.4  180s
 63963 18980 infeasible   65        11.00000    7.00000  36.4%  60.7  185s
 67509 19434    8.00000   58   28   11.00000    7.00000  36.4%  60.0  190s
 71233 19997    9.00000   63   75   11.00000    7.00000  36.4%  59.4  195s
 74995 20363    9.00000   65   65   11.00000    7.00000  36.4%  58.7  200s
 78675 20856    8.00000   63   75   11.00000    7.00000  36.4%  58.4  205s
 81543 21214    7.00000   62   27   11.00000    7.00000  36.4%  58.2  210s
 84344 21643    7.00000   60   52   11.00000    7.00000  36.4%  58.1  215s
 87410 22087   10.00000   71   69   11.00000    7.00000  36.4%  57.7  220s
 89757 22383    8.00000   58   78   11.00000    7.00000  36.4%  57.5  225s
 92518 22684    8.00000   62   70   11.00000    7.00000  36.4%  57.4  230s
 95307 22990    7.00000   59   58   11.00000    7.00000  36.4%  57.2  235s
 98979 23279    9.00000   69   41   11.00000    7.00000  36.4%  57.0  240s
 104220 22589 infeasible   66        11.00000    8.00000  27.3%  55.5  245s
 109183 23877    8.00000   61   41   11.00000    8.00000  27.3%  54.6  250s
 114227 25305 infeasible   71        11.00000    8.00000  27.3%  53.8  255s
 117107 26101    9.12500   67   71   11.00000    8.00000  27.3%  53.4  260s
 120623 27101    8.00000   66   51   11.00000    8.00000  27.3%  52.8  265s
 124542 28183    8.00000   65   66   11.00000    8.00000  27.3%  52.3  270s
 128326 29318    9.00000   61   91   11.00000    8.00000  27.3%  51.8  275s
 131975 30373    8.00000   63   54   11.00000    8.00000  27.3%  51.5  280s
 136250 31498    9.00000   63   57   11.00000    8.00000  27.3%  51.0  285s
 140883 32632    8.00000   62   45   11.00000    8.00000  27.3%  50.5  290s
 145358 33961 infeasible   68        11.00000    8.00000  27.3%  50.2  295s
 150122 35226    8.00000   62   57   11.00000    8.00000  27.3%  49.8  300s
 153520 36148    8.00000   61   66   11.00000    8.00000  27.3%  49.6  305s
 156746 37163    9.00000   65   69   11.00000    8.00000  27.3%  49.4  310s
 160114 38154    9.00000   66   74   11.00000    8.00000  27.3%  49.1  315s
 163676 39215    9.00000   69   49   11.00000    8.00000  27.3%  49.0  320s
 166813 40265    9.00000   65   77   11.00000    8.00000  27.3%  48.9  325s
 169923 41349 infeasible   72        11.00000    8.00000  27.3%  48.8  330s
 174060 42502   10.00000   74   41   11.00000    8.00000  27.3%  48.6  335s
 178289 43731    8.00000   65   77   11.00000    8.00000  27.3%  48.5  340s
 182507 45088    8.00000   66   66   11.00000    8.00000  27.3%  48.3  345s
 186619 46238   10.00000   66   66   11.00000    8.00000  27.3%  48.2  350s
 189096 46954   10.00000   63   75   11.00000    8.00000  27.3%  48.2  355s
 192532 47863    8.00000   65   62   11.00000    8.00000  27.3%  48.0  360s
 196019 48788 infeasible   68        11.00000    8.00000  27.3%  47.8  365s
 199843 49858    8.00000   70   77   11.00000    8.00000  27.3%  47.7  370s
 202498 50602 infeasible   71        11.00000    8.00000  27.3%  47.7  375s
 206703 51839 infeasible   70        11.00000    8.00000  27.3%  47.6  380s
 210945 53081    8.00000   65   63   11.00000    8.00000  27.3%  47.5  385s
 215589 54436    9.00000   65   16   11.00000    8.00000  27.3%  47.4  390s
 219426 55487 infeasible   63        11.00000    8.00000  27.3%  47.3  395s
 222286 56316 infeasible   63        11.00000    8.00000  27.3%  47.3  400s
 225406 57301 infeasible   72        11.00000    8.00000  27.3%  47.3  405s
 228685 58288   10.00000   69   96   11.00000    8.00000  27.3%  47.2  410s
 231440 59080    9.00000   69   66   11.00000    8.00000  27.3%  47.2  415s
 234787 60003 infeasible   69        11.00000    8.00000  27.3%  47.2  420s
 239113 61196   10.00000   60   71   11.00000    8.00000  27.3%  47.1  425s
 242928 62264   10.00000   67   91   11.00000    8.00000  27.3%  47.1  430s
 247426 63417    9.00000   62   17   11.00000    8.00000  27.3%  47.0  435s
 251282 64614    8.00000   69   54   11.00000    8.00000  27.3%  46.9  440s
 254502 65629    8.00000   66   62   11.00000    8.00000  27.3%  46.9  445s
 257755 66593    9.00000   72   47   11.00000    8.00000  27.3%  46.8  450s
 261366 67716    9.00000   62   80   11.00000    8.00000  27.3%  46.7  455s
 264798 68700    9.00000   65   73   11.00000    8.00000  27.3%  46.6  460s
 268101 69740 infeasible   68        11.00000    8.00000  27.3%  46.6  465s
 271994 70884    9.00000   71   73   11.00000    8.00000  27.3%  46.5  470s
 276064 71987 infeasible   67        11.00000    8.00000  27.3%  46.5  475s
 280386 73408    9.00000   64   64   11.00000    8.00000  27.3%  46.4  480s
 284663 74695 infeasible   67        11.00000    8.00000  27.3%  46.3  485s
 288014 75657    9.00000   65   38   11.00000    8.00000  27.3%  46.3  490s
 291284 76645 infeasible   68        11.00000    8.00000  27.3%  46.3  495s
 294163 77451    9.00000   61   66   11.00000    8.00000  27.3%  46.2  500s
 297653 78375    9.00000   68   71   11.00000    8.00000  27.3%  46.1  505s
 301415 79245    8.06250   61   96   11.00000    8.00000  27.3%  46.1  510s
 304693 80290    8.00000   59   98   11.00000    8.00000  27.3%  46.0  515s
 308966 81599 infeasible   60        11.00000    8.00000  27.3%  46.0  520s
 313402 82820   10.00000   72   66   11.00000    8.00000  27.3%  45.9  525s
 318116 84036    8.00000   64   72   11.00000    8.00000  27.3%  45.8  530s
 322115 85241    8.00000   60  100   11.00000    8.00000  27.3%  45.8  535s
 324942 86036 infeasible   69        11.00000    8.00000  27.3%  45.7  540s
 328171 86953    9.00000   68   53   11.00000    8.00000  27.3%  45.7  545s
 330173 87527   10.00000   67   62   11.00000    8.00000  27.3%  45.6  550s
 332474 88203    9.00000   73   87   11.00000    8.00000  27.3%  45.6  556s
 334326 88781    9.00000   75   93   11.00000    8.00000  27.3%  45.6  561s
 335701 89162    8.00000   62   70   11.00000    8.00000  27.3%  45.6  565s
 337875 89793   10.00000   60  125   11.00000    8.00000  27.3%  45.6  570s
 339750 90470    9.00000   63  115   11.00000    8.00000  27.3%  45.6  575s
 341566 91099   10.00000   63   96   11.00000    8.00000  27.3%  45.6  580s
 343417 91542 infeasible   63        11.00000    8.00000  27.3%  45.6  585s
 345322 92140   10.00000   72   50   11.00000    8.00000  27.3%  45.6  590s
 347183 92723    9.00000   62   68   11.00000    8.00000  27.3%  45.6  595s
 349042 93203 infeasible   64        11.00000    8.00000  27.3%  45.6  600s
 351014 93713   10.00000   68   54   11.00000    8.00000  27.3%  45.6  605s
 352940 94251 infeasible   61        11.00000    8.00000  27.3%  45.5  610s
 354706 94801    9.00000   62   62   11.00000    8.00000  27.3%  45.6  615s
 356509 95368    9.00000   67   66   11.00000    8.00000  27.3%  45.5  621s
 358406 95928    8.00000   62   75   11.00000    8.00000  27.3%  45.5  625s
 360316 96452 infeasible   62        11.00000    8.00000  27.3%  45.6  631s
 363378 94717    9.00000   70    8   11.00000    9.00000  18.2%  45.3  635s
 365561 94144 infeasible   63        11.00000    9.00000  18.2%  45.2  640s
 368608 93911 infeasible   71        11.00000    9.00000  18.2%  45.0  646s
 370689 93695    9.00000   62   43   11.00000    9.00000  18.2%  44.9  650s
 373390 93493    9.00000   63   37   11.00000    9.00000  18.2%  44.7  655s
 376826 93355   10.00000   68   31   11.00000    9.00000  18.2%  44.5  660s
 379453 93249 infeasible   67        11.00000    9.00000  18.2%  44.4  665s
 382255 93265    9.00000   63   34   11.00000    9.00000  18.2%  44.2  670s
 385289 93012 infeasible   67        11.00000    9.00000  18.2%  44.1  675s
 387858 92933 infeasible   75        11.00000    9.00000  18.2%  43.9  680s
 391080 92824 infeasible   66        11.00000    9.00000  18.2%  43.8  685s
 393281 92937 infeasible   63        11.00000    9.00000  18.2%  43.7  690s
 396149 92861 infeasible   65        11.00000    9.00000  18.2%  43.6  695s
 398564 92917    9.00000   66   35   11.00000    9.00000  18.2%  43.5  700s
 401205 92929    9.00000   61   45   11.00000    9.00000  18.2%  43.4  705s
 403998 92971    9.00000   63   18   11.00000    9.00000  18.2%  43.3  710s
 406706 93025 infeasible   66        11.00000    9.00000  18.2%  43.2  715s
 409493 93106    9.00000   71   54   11.00000    9.00000  18.2%  43.1  720s
 412105 93094   10.00000   69   30   11.00000    9.00000  18.2%  43.0  725s
 414404 93122   10.00000   64   43   11.00000    9.00000  18.2%  42.9  730s
 417180 93207 infeasible   71        11.00000    9.00000  18.2%  42.8  735s
 419955 93218 infeasible   68        11.00000    9.00000  18.2%  42.8  740s
 422198 93293 infeasible   62        11.00000    9.00000  18.2%  42.7  745s
 425018 93333   10.00000   74   43   11.00000    9.00000  18.2%  42.6  750s
 427214 93389   10.00000   71   48   11.00000    9.00000  18.2%  42.5  755s
 429464 93490    9.00000   72   61   11.00000    9.00000  18.2%  42.5  760s
 432308 93605    9.00000   63   33   11.00000    9.00000  18.2%  42.4  765s
 434826 93715 infeasible   71        11.00000    9.00000  18.2%  42.3  770s
 437153 93731    9.00000   66   43   11.00000    9.00000  18.2%  42.3  775s
 439923 93821    9.00000   67   44   11.00000    9.00000  18.2%  42.2  780s
 442593 93911    9.00000   69   70   11.00000    9.00000  18.2%  42.1  785s
 444978 94009 infeasible   66        11.00000    9.00000  18.2%  42.1  790s
 447750 94059 infeasible   67        11.00000    9.00000  18.2%  42.0  795s
 450053 94192   10.00000   67   63   11.00000    9.00000  18.2%  42.0  800s
 452238 94239   10.00000   67   45   11.00000    9.00000  18.2%  41.9  805s
 454551 94353    9.00000   61   54   11.00000    9.00000  18.2%  41.9  810s
 456813 94538 infeasible   69        11.00000    9.00000  18.2%  41.8  815s
 459154 94638   10.00000   70   55   11.00000    9.00000  18.2%  41.8  820s
 461431 94849 infeasible   70        11.00000    9.00000  18.2%  41.8  825s
 464383 94996    9.00000   68   51   11.00000    9.00000  18.2%  41.7  830s
 466573 95266    9.00000   69   56   11.00000    9.00000  18.2%  41.7  835s
 468926 95240 infeasible   75        11.00000    9.00000  18.2%  41.6  840s
 471280 95551 infeasible   68        11.00000    9.00000  18.2%  41.6  845s
 473761 95781    9.00000   68   55   11.00000    9.00000  18.2%  41.5  850s
 476188 95840 infeasible   70        11.00000    9.00000  18.2%  41.5  855s
 480655 96031   10.00000   70   41   11.00000    9.00000  18.2%  41.4  860s
 484400 96116   10.00000   67   51   11.00000    9.00000  18.2%  41.3  865s
 488355 96647    9.00000   68   50   11.00000    9.00000  18.2%  41.2  870s
 492714 96758 infeasible   64        11.00000    9.00000  18.2%  41.2  875s
 497869 97034    9.00000   62   57   11.00000    9.00000  18.2%  41.1  880s
 502888 97420    9.00000   67   60   11.00000    9.00000  18.2%  41.0  885s
 508281 97868    9.00000   65   53   11.00000    9.00000  18.2%  40.9  890s
 512865 98215 infeasible   69        11.00000    9.00000  18.2%  40.8  895s
 516431 98470   10.00000   67   43   11.00000    9.00000  18.2%  40.8  900s
 520291 98743 infeasible   69        11.00000    9.00000  18.2%  40.7  905s
 523964 99121    9.00000   67   52   11.00000    9.00000  18.2%  40.7  910s
 527890 99356   10.00000   66   57   11.00000    9.00000  18.2%  40.7  915s
 531749 99700 infeasible   76        11.00000    9.00000  18.2%  40.6  920s
 536922 100187 infeasible   70        11.00000    9.00000  18.2%  40.5  925s
 541804 100371 infeasible   66        11.00000    9.00000  18.2%  40.5  930s
 547591 100687 infeasible   71        11.00000    9.00000  18.2%  40.4  935s
 552698 101015    9.00000   61   58   11.00000    9.00000  18.2%  40.3  940s
 555887 101171    9.00000   70   21   11.00000    9.00000  18.2%  40.3  945s
 560152 101465 infeasible   73        11.00000    9.00000  18.2%  40.2  950s
 563931 101675   10.00000   69   37   11.00000    9.00000  18.2%  40.2  955s
 567749 101840 infeasible   80        11.00000    9.00000  18.2%  40.1  960s
 571481 102177 infeasible   75        11.00000    9.00000  18.2%  40.1  965s
 576584 102447    9.00000   70   47   11.00000    9.00000  18.2%  40.1  970s
 581093 102665    9.00000   68   43   11.00000    9.00000  18.2%  40.0  975s
 586250 103020 infeasible   66        11.00000    9.00000  18.2%  40.0  980s
 591103 103251 infeasible   66        11.00000    9.00000  18.2%  40.0  985s
 594821 103445   10.00000   68   48   11.00000    9.00000  18.2%  39.9  990s
 598238 103801 infeasible   75        11.00000    9.00000  18.2%  39.9  995s
 602000 104185 infeasible   67        11.00000    9.00000  18.2%  39.9 1000s
 606635 104417 infeasible   62        11.00000    9.00000  18.2%  39.8 1005s
 610266 104596    9.00000   65   58   11.00000    9.00000  18.2%  39.8 1010s
 613903 104763 infeasible   70        11.00000    9.00000  18.2%  39.8 1015s
 617413 104829   10.00000   63  104   11.00000    9.00000  18.2%  39.7 1020s
 620636 105104 infeasible   71        11.00000    9.00000  18.2%  39.7 1025s
 623970 105260 infeasible   66        11.00000    9.00000  18.2%  39.7 1030s
 626734 105440   10.00000   66   80   11.00000    9.00000  18.2%  39.7 1035s
 629818 105561    9.00000   63   39   11.00000    9.00000  18.2%  39.6 1040s
 632862 105894 infeasible   69        11.00000    9.00000  18.2%  39.6 1045s
 635589 106062   10.00000   70   89   11.00000    9.00000  18.2%  39.6 1050s
 638420 106229    9.00000   65   63   11.00000    9.00000  18.2%  39.5 1055s
 641353 106324 infeasible   64        11.00000    9.00000  18.2%  39.5 1060s
 644129 106460 infeasible   68        11.00000    9.00000  18.2%  39.5 1065s
 647304 106597    9.00000   68   54   11.00000    9.00000  18.2%  39.5 1070s
 650226 106722 infeasible   63        11.00000    9.00000  18.2%  39.4 1075s
 652916 106820 infeasible   69        11.00000    9.00000  18.2%  39.4 1080s
 655742 107021   10.00000   75   60   11.00000    9.00000  18.2%  39.4 1086s
 657973 107096    9.00000   70   47   11.00000    9.00000  18.2%  39.4 1090s
 660775 107294    9.00000   59   53   11.00000    9.00000  18.2%  39.4 1095s
 663163 107474   10.00000   69   65   11.00000    9.00000  18.2%  39.4 1100s
 666067 107684    9.00000   67   56   11.00000    9.00000  18.2%  39.4 1105s
 668988 107945 infeasible   65        11.00000    9.00000  18.2%  39.3 1110s
 672185 108185    9.00000   62   43   11.00000    9.00000  18.2%  39.3 1115s
 675460 108394   10.00000   68   28   11.00000    9.00000  18.2%  39.3 1120s
 678607 108649   10.00000   70   78   11.00000    9.00000  18.2%  39.3 1125s
 680982 108853    9.00000   72   85   11.00000    9.00000  18.2%  39.3 1130s
 683925 109115   10.00000   70   52   11.00000    9.00000  18.2%  39.3 1135s
 686268 109368 infeasible   68        11.00000    9.00000  18.2%  39.3 1140s
 689242 109562 infeasible   70        11.00000    9.00000  18.2%  39.2 1145s
 692049 109765   10.00000   70   68   11.00000    9.00000  18.2%  39.2 1150s
 694532 109801 infeasible   64        11.00000    9.00000  18.2%  39.2 1155s
 697565 109926   10.00000   73   81   11.00000    9.00000  18.2%  39.2 1160s
 700513 110165 infeasible   70        11.00000    9.00000  18.2%  39.1 1165s
 703995 110240    9.00000   71   47   11.00000    9.00000  18.2%  39.1 1170s
 706855 110396   10.00000   71   98   11.00000    9.00000  18.2%  39.1 1175s
 710222 110479 infeasible   72        11.00000    9.00000  18.2%  39.1 1180s
 712644 110712   10.00000   73   64   11.00000    9.00000  18.2%  39.0 1185s
 715403 110840 infeasible   68        11.00000    9.00000  18.2%  39.0 1190s
 717667 111008   10.00000   67   48   11.00000    9.00000  18.2%  39.0 1195s
 720568 111196 infeasible   68        11.00000    9.00000  18.2%  39.0 1200s
 723809 111386    9.00000   72   67   11.00000    9.00000  18.2%  39.0 1205s
 727579 111763    9.00000   71   40   11.00000    9.00000  18.2%  38.9 1210s
 730698 112052    9.00000   63   56   11.00000    9.00000  18.2%  38.9 1215s
 734123 112402    9.00000   68   54   11.00000    9.00000  18.2%  38.9 1220s
 737402 112812   10.00000   63   59   11.00000    9.00000  18.2%  38.9 1225s
 739837 113074   10.00000   69   51   11.00000    9.00000  18.2%  38.9 1230s
 742273 113276    9.00000   60   52   11.00000    9.00000  18.2%  38.9 1235s
 745016 113542    9.00000   68   63   11.00000    9.00000  18.2%  38.9 1240s
 747393 113731    9.00000   74   64   11.00000    9.00000  18.2%  38.8 1245s
 750106 113948 infeasible   74        11.00000    9.00000  18.2%  38.8 1250s
 753037 114133   10.00000   64   68   11.00000    9.00000  18.2%  38.8 1255s
 756316 114280 infeasible   63        11.00000    9.00000  18.2%  38.8 1260s
 759492 114673   10.00000   69   49   11.00000    9.00000  18.2%  38.8 1265s
 762383 115032    9.00000   70   48   11.00000    9.00000  18.2%  38.8 1270s
 765212 115208 infeasible   73        11.00000    9.00000  18.2%  38.8 1275s
 767909 115479    9.00000   62   54   11.00000    9.00000  18.2%  38.8 1280s
 770234 115633 infeasible   77        11.00000    9.00000  18.2%  38.8 1285s
 772509 115750   10.00000   65   48   11.00000    9.00000  18.2%  38.8 1290s
 775365 115990 infeasible   70        11.00000    9.00000  18.2%  38.8 1295s
 777756 116196    9.00000   58   73   11.00000    9.00000  18.2%  38.8 1300s
 779526 116412   10.00000   68  102   11.00000    9.00000  18.2%  38.8 1305s
 781942 116591 infeasible   68        11.00000    9.00000  18.2%  38.8 1310s
 784392 116748 infeasible   73        11.00000    9.00000  18.2%  38.8 1315s
 789045 117076 infeasible   81        11.00000    9.00000  18.2%  38.8 1320s
 791805 117352   10.00000   74   62   11.00000    9.00000  18.2%  38.8 1325s
 795811 117669   10.00000   67   82   11.00000    9.00000  18.2%  38.8 1330s
 799758 117953 infeasible   73        11.00000    9.00000  18.2%  38.7 1335s
 803173 118226 infeasible   77        11.00000    9.00000  18.2%  38.7 1340s
 806849 118748    9.00000   74   67   11.00000    9.00000  18.2%  38.7 1345s
 810567 119076   10.00000   63   80   11.00000    9.00000  18.2%  38.7 1350s
 815301 119583 infeasible   73        11.00000    9.00000  18.2%  38.7 1355s
 820593 119967 infeasible   70        11.00000    9.00000  18.2%  38.7 1360s
 824766 120357   10.00000   75   71   11.00000    9.00000  18.2%  38.7 1365s
 829267 120791 infeasible   65        11.00000    9.00000  18.2%  38.7 1370s
 832477 121081 infeasible   70        11.00000    9.00000  18.2%  38.7 1375s
 836290 121508    9.00000   65   72   11.00000    9.00000  18.2%  38.7 1380s
 840000 121783 infeasible   67        11.00000    9.00000  18.2%  38.7 1385s
 843864 122107   10.00000   70   60   11.00000    9.00000  18.2%  38.7 1390s
 847562 122509 infeasible   70        11.00000    9.00000  18.2%  38.7 1395s
 852446 122960   10.00000   69   71   11.00000    9.00000  18.2%  38.7 1400s
 857241 123374 infeasible   73        11.00000    9.00000  18.2%  38.7 1405s
 862015 123725   10.00000   69   58   11.00000    9.00000  18.2%  38.7 1410s
 866166 124083 infeasible   70        11.00000    9.00000  18.2%  38.7 1415s
 869675 124249 infeasible   68        11.00000    9.00000  18.2%  38.7 1420s
 873386 124500 infeasible   65        11.00000    9.00000  18.2%  38.6 1425s
 876660 124741    9.00000   65   32   11.00000    9.00000  18.2%  38.6 1430s
 880414 124941   10.00000   66   90   11.00000    9.00000  18.2%  38.6 1435s
 883700 125125 infeasible   70        11.00000    9.00000  18.2%  38.6 1440s
 888460 125534   10.00000   65   71   11.00000    9.00000  18.2%  38.6 1445s
 893388 125913    9.00000   63   46   11.00000    9.00000  18.2%  38.6 1450s
 897943 126599   10.00000   69   52   11.00000    9.00000  18.2%  38.6 1455s
 902402 127224 infeasible   71        11.00000    9.00000  18.2%  38.6 1460s
 905326 127476    9.02778   68   98   11.00000    9.00000  18.2%  38.6 1465s
 909055 127914   10.00000   66   71   11.00000    9.00000  18.2%  38.6 1470s
 912580 128267 infeasible   67        11.00000    9.00000  18.2%  38.6 1475s
 916020 128636 infeasible   68        11.00000    9.00000  18.2%  38.6 1480s
 919807 128914    9.00000   69   47   11.00000    9.00000  18.2%  38.6 1485s
 924072 129228    9.00000   64   73   11.00000    9.00000  18.2%  38.6 1490s
 929040 129806    9.00000   65   56   11.00000    9.00000  18.2%  38.6 1495s
 933681 130030    9.00000   69   76   11.00000    9.00000  18.2%  38.6 1500s
 938186 130567   10.00000   66   21   11.00000    9.00000  18.2%  38.6 1505s
 941408 130883    9.00000   62   36   11.00000    9.00000  18.2%  38.6 1510s
 944876 131356   10.00000   70   45   11.00000    9.00000  18.2%  38.6 1515s
 948821 131658 infeasible   64        11.00000    9.00000  18.2%  38.6 1520s
 952595 131850   10.00000   66   57   11.00000    9.00000  18.2%  38.6 1525s
 956015 132061   10.00000   66   52   11.00000    9.00000  18.2%  38.6 1530s
 960469 132415 infeasible   65        11.00000    9.00000  18.2%  38.6 1535s
 965400 132711   10.00000   71   88   11.00000    9.00000  18.2%  38.6 1540s
 970034 133158    9.00000   70   69   11.00000    9.00000  18.2%  38.5 1545s
 975179 133823   10.00000   69   88   11.00000    9.00000  18.2%  38.5 1550s
 979082 134238   10.00000   70   69   11.00000    9.00000  18.2%  38.5 1555s
 982353 134548    9.00000   66   52   11.00000    9.00000  18.2%  38.5 1560s
 986060 134995 infeasible   73        11.00000    9.00000  18.2%  38.5 1565s
 989589 135262   10.00000   64   94   11.00000    9.00000  18.2%  38.5 1570s
 993715 135643 infeasible   68        11.00000    9.00000  18.2%  38.5 1575s
 997474 136015 infeasible   74        11.00000    9.00000  18.2%  38.5 1580s
 1001793 136274 infeasible   66        11.00000    9.00000  18.2%  38.5 1585s
 1007018 136964    9.00000   69   50   11.00000    9.00000  18.2%  38.5 1590s
 1011927 137533    9.00000   70   39   11.00000    9.00000  18.2%  38.4 1595s
 1016811 137959   10.00000   64   68   11.00000    9.00000  18.2%  38.4 1600s
 1020081 138239   10.00000   65   48   11.00000    9.00000  18.2%  38.4 1605s
 1023331 138553 infeasible   65        11.00000    9.00000  18.2%  38.4 1610s
 1027181 138944 infeasible   75        11.00000    9.00000  18.2%  38.4 1615s
 1031053 139241 infeasible   73        11.00000    9.00000  18.2%  38.4 1620s
 1035019 139629 infeasible   67        11.00000    9.00000  18.2%  38.4 1625s
 1040183 140226    9.00000   66   48   11.00000    9.00000  18.2%  38.4 1630s
 1044908 140688 infeasible   68        11.00000    9.00000  18.2%  38.4 1635s
 1050327 141341 infeasible   70        11.00000    9.00000  18.2%  38.3 1640s
 1054512 141685    9.00000   67   69   11.00000    9.00000  18.2%  38.3 1645s
 1058149 142068   10.00000   73   39   11.00000    9.00000  18.2%  38.3 1650s
 1062114 142464    9.00000   66   57   11.00000    9.00000  18.2%  38.3 1655s
 1065925 142693   10.00000   72   49   11.00000    9.00000  18.2%  38.3 1660s
 1069675 142939   10.00000   69   61   11.00000    9.00000  18.2%  38.3 1665s
 1072876 143112 infeasible   71        11.00000    9.00000  18.2%  38.3 1670s
 1077225 143360   10.00000   68   53   11.00000    9.00000  18.2%  38.2 1675s
 1081930 143641   10.00000   69   33   11.00000    9.00000  18.2%  38.2 1680s
 1087219 144019    9.00000   64   86   11.00000    9.00000  18.2%  38.2 1685s
 1091805 144409    9.00000   67   44   11.00000    9.00000  18.2%  38.2 1690s
 1096064 144748 infeasible   72        11.00000    9.00000  18.2%  38.2 1695s
 1099397 145022 infeasible   68        11.00000    9.00000  18.2%  38.2 1700s
 1102995 145340 infeasible   71        11.00000    9.00000  18.2%  38.2 1705s
 1106222 145689   10.00000   68   61   11.00000    9.00000  18.2%  38.2 1710s
 1109416 145996 infeasible   67        11.00000    9.00000  18.2%  38.2 1715s
 1113297 146294 infeasible   69        11.00000    9.00000  18.2%  38.2 1720s
 1117867 146551   10.00000   67   60   11.00000    9.00000  18.2%  38.2 1725s
 1122495 146798 infeasible   64        11.00000    9.00000  18.2%  38.2 1730s
 1127080 147087   10.00000   74   62   11.00000    9.00000  18.2%  38.2 1735s
 1131876 147386 infeasible   71        11.00000    9.00000  18.2%  38.2 1740s
 1134749 147691 infeasible   57        11.00000    9.00000  18.2%  38.2 1745s
 1138721 147977 infeasible   65        11.00000    9.00000  18.2%  38.2 1750s
 1142619 148177 infeasible   70        11.00000    9.00000  18.2%  38.2 1755s
 1145836 148492   10.00000   69   60   11.00000    9.00000  18.2%  38.2 1760s
 1149775 148640 infeasible   69        11.00000    9.00000  18.2%  38.2 1765s
 1154583 149074 infeasible   69        11.00000    9.00000  18.2%  38.2 1770s
 1159312 149274   10.00000   66   85   11.00000    9.00000  18.2%  38.2 1775s
 1164044 149562   10.00000   70   60   11.00000    9.00000  18.2%  38.1 1780s
 1168701 149879    9.00000   66   63   11.00000    9.00000  18.2%  38.1 1785s
 1172123 150049 infeasible   71        11.00000    9.00000  18.2%  38.1 1790s
 1175776 150440 infeasible   71        11.00000    9.00000  18.2%  38.1 1795s
 1179581 150820   10.00000   63   87   11.00000    9.00000  18.2%  38.1 1800s
 1182825 151138 infeasible   61        11.00000    9.00000  18.2%  38.1 1805s
 1186570 151438 infeasible   69        11.00000    9.00000  18.2%  38.1 1810s
 1190344 151748 infeasible   69        11.00000    9.00000  18.2%  38.1 1815s
 1195094 152276   10.00000   70   84   11.00000    9.00000  18.2%  38.1 1820s
 1199990 152702 infeasible   77        11.00000    9.00000  18.2%  38.1 1825s
 1204755 153105 infeasible   70        11.00000    9.00000  18.2%  38.1 1830s
 1209083 153371 infeasible   68        11.00000    9.00000  18.2%  38.1 1835s
 1212496 153549 infeasible   72        11.00000    9.00000  18.2%  38.1 1840s
 1216905 153873    9.00000   61   61   11.00000    9.00000  18.2%  38.1 1845s
 1220131 154104    9.00000   73   69   11.00000    9.00000  18.2%  38.1 1850s
 1223842 154340 infeasible   68        11.00000    9.00000  18.2%  38.1 1855s
 1228173 154517 infeasible   60        11.00000    9.00000  18.2%  38.1 1860s
 1233088 154934 infeasible   73        11.00000    9.00000  18.2%  38.1 1865s
 1237986 155437 infeasible   66        11.00000    9.00000  18.2%  38.1 1870s
 1242463 155735 infeasible   63        11.00000    9.00000  18.2%  38.1 1875s
 1247405 156018    9.00000   66   77   11.00000    9.00000  18.2%  38.1 1880s
 1250679 156228    9.00000   60   69   11.00000    9.00000  18.2%  38.1 1885s
 1254354 156662 infeasible   68        11.00000    9.00000  18.2%  38.1 1890s
 1258214 156935 infeasible   70        11.00000    9.00000  18.2%  38.1 1895s
 1261467 157150 infeasible   72        11.00000    9.00000  18.2%  38.1 1900s
 1264741 157532    9.00000   66   70   11.00000    9.00000  18.2%  38.1 1905s
 1269730 157807   10.00000   65   67   11.00000    9.00000  18.2%  38.0 1910s
 1274523 158282   10.00000   67   74   11.00000    9.00000  18.2%  38.0 1915s
 1279578 158763   10.00000   69   55   11.00000    9.00000  18.2%  38.0 1920s
 1284195 159348    9.00000   68   84   11.00000    9.00000  18.2%  38.0 1925s
 1287635 159610 infeasible   69        11.00000    9.00000  18.2%  38.0 1930s
 1291731 159927 infeasible   73        11.00000    9.00000  18.2%  38.0 1935s
 1295418 160160 infeasible   75        11.00000    9.00000  18.2%  38.0 1940s
 1298653 160301 infeasible   72        11.00000    9.00000  18.2%  38.0 1945s
 1302099 160548 infeasible   75        11.00000    9.00000  18.2%  38.0 1950s
 1306308 161057   10.00000   68   52   11.00000    9.00000  18.2%  38.0 1955s
 1311496 161601    9.00000   64   37   11.00000    9.00000  18.2%  38.0 1960s
 1316070 162031   10.00000   69   70   11.00000    9.00000  18.2%  38.0 1965s
 1321025 162556   10.00000   71   55   11.00000    9.00000  18.2%  38.0 1970s
 1324798 163009 infeasible   67        11.00000    9.00000  18.2%  38.0 1975s
 1328568 163289   10.00000   67   70   11.00000    9.00000  18.2%  38.0 1980s
 1332353 163669    9.00000   65   52   11.00000    9.00000  18.2%  38.0 1985s
 1335624 163813   10.00000   65   68   11.00000    9.00000  18.2%  38.0 1990s
 1338732 164159 infeasible   66        11.00000    9.00000  18.2%  38.0 1995s
 1342524 164447   10.00000   69   70   11.00000    9.00000  18.2%  38.0 2000s
 1347194 164845   10.00000   80   48   11.00000    9.00000  18.2%  38.0 2005s
 1351635 165264 infeasible   74        11.00000    9.00000  18.2%  38.0 2010s
 1356312 165642   10.00000   64   94   11.00000    9.00000  18.2%  38.0 2015s
 1361174 166260 infeasible   68        11.00000    9.00000  18.2%  38.0 2020s
 1364190 166602   10.00000   67   61   11.00000    9.00000  18.2%  38.0 2025s
 1368286 166862   10.00000   71   52   11.00000    9.00000  18.2%  38.0 2030s
 1371484 167202   10.00000   66   65   11.00000    9.00000  18.2%  38.0 2035s
 1374708 167506 infeasible   71        11.00000    9.00000  18.2%  38.0 2040s
 1378686 167852 infeasible   74        11.00000    9.00000  18.2%  38.0 2045s
 1383151 168311   10.00000   67   74   11.00000    9.00000  18.2%  38.0 2050s
 1387578 168917    9.00000   66   66   11.00000    9.00000  18.2%  38.0 2055s
 1392285 169346   10.00000   66   63   11.00000    9.00000  18.2%  38.0 2060s
 1397176 169601 infeasible   74        11.00000    9.00000  18.2%  38.0 2065s
 1400699 169899 infeasible   70        11.00000    9.00000  18.2%  38.0 2070s
 1404095 170170 infeasible   72        11.00000    9.00000  18.2%  38.0 2075s
 1407968 170546    9.00000   72   56   11.00000    9.00000  18.2%  38.0 2080s
 1411334 170961    9.08333   68   86   11.00000    9.00000  18.2%  38.0 2085s
 1414556 171449 infeasible   71        11.00000    9.00000  18.2%  38.0 2090s
 1418786 171840   10.00000   66   62   11.00000    9.00000  18.2%  38.0 2095s
 1423674 172338   10.00000   60   63   11.00000    9.00000  18.2%  38.0 2100s
 1428564 172896 infeasible   65        11.00000    9.00000  18.2%  38.0 2105s
 1433154 173340 infeasible   63        11.00000    9.00000  18.2%  38.0 2110s
 1437482 173809    9.00000   68   41   11.00000    9.00000  18.2%  38.0 2115s
 1440746 174115 infeasible   69        11.00000    9.00000  18.2%  38.0 2120s
 1444409 174381    9.00000   65   65   11.00000    9.00000  18.2%  38.0 2125s
 1447695 174526    9.00000   65   47   11.00000    9.00000  18.2%  38.0 2130s
 1451035 174858   10.00000   68  101   11.00000    9.00000  18.2%  38.0 2135s
 1454859 175188   10.00000   67   56   11.00000    9.00000  18.2%  38.0 2140s
 1459069 175528    9.00000   70   61   11.00000    9.00000  18.2%  38.0 2145s
 1463716 175733    9.00000   70   54   11.00000    9.00000  18.2%  38.0 2150s
 1468553 176069    9.00000   69   79   11.00000    9.00000  18.2%  38.0 2155s
 1472751 176418 infeasible   68        11.00000    9.00000  18.2%  38.0 2160s
 1476128 176743    9.00000   65   79   11.00000    9.00000  18.2%  38.0 2165s
 1479863 177140    9.00000   67   62   11.00000    9.00000  18.2%  38.0 2170s
 1483315 177492 infeasible   67        11.00000    9.00000  18.2%  38.0 2175s
 1487083 177708 infeasible   75        11.00000    9.00000  18.2%  38.0 2180s
 1490976 178145    9.00000   63   65   11.00000    9.00000  18.2%  38.0 2185s
 1494711 178452 infeasible   75        11.00000    9.00000  18.2%  38.0 2190s
 1499261 178827 infeasible   66        11.00000    9.00000  18.2%  38.0 2195s
 1504498 177638 infeasible   72        11.00000   10.00000  9.09%  37.9 2200s
 1511430 175386   10.00000   77   16   11.00000   10.00000  9.09%  37.8 2205s
 1517156 174248   10.00000   78   13   11.00000   10.00000  9.09%  37.7 2210s
 1522676 173402   10.00000   82    3   11.00000   10.00000  9.09%  37.7 2215s
 1528757 172696   10.00000   87   19   11.00000   10.00000  9.09%  37.6 2220s
 1534460 171791   10.00000   86   19   11.00000   10.00000  9.09%  37.5 2225s
 1540858 171331   10.00000   71   14   11.00000   10.00000  9.09%  37.4 2230s
 1547046 170631 infeasible   78        11.00000   10.00000  9.09%  37.3 2235s
 1554082 169336   10.00000   80   22   11.00000   10.00000  9.09%  37.2 2240s
 1561891 168637 infeasible   91        11.00000   10.00000  9.09%  37.1 2245s
 1569180 167706 infeasible   73        11.00000   10.00000  9.09%  37.0 2250s
 1575192 166708   10.00000   83   30   11.00000   10.00000  9.09%  36.9 2255s
 1580790 165959 infeasible   82        11.00000   10.00000  9.09%  36.8 2260s
 1585261 165337 infeasible   85        11.00000   10.00000  9.09%  36.8 2265s
 1588702 165074 infeasible   79        11.00000   10.00000  9.09%  36.7 2270s
 1592298 164866 infeasible   82        11.00000   10.00000  9.09%  36.7 2275s
 1596199 164707 infeasible   83        11.00000   10.00000  9.09%  36.6 2280s
 1599988 164532 infeasible   67        11.00000   10.00000  9.09%  36.5 2285s
 1603426 164167 infeasible   82        11.00000   10.00000  9.09%  36.5 2290s
 1607018 163759   10.00000   92    6   11.00000   10.00000  9.09%  36.4 2295s
 1610401 163470   10.00000   85   20   11.00000   10.00000  9.09%  36.4 2300s
 1613644 162927 infeasible   75        11.00000   10.00000  9.09%  36.4 2305s
 1616800 162419 infeasible   74        11.00000   10.00000  9.09%  36.3 2310s
 1619925 161898 infeasible   91        11.00000   10.00000  9.09%  36.3 2315s
 1622849 161467 infeasible   70        11.00000   10.00000  9.09%  36.3 2320s
 1625936 161010 infeasible   82        11.00000   10.00000  9.09%  36.2 2325s
 1629034 160696 infeasible   87        11.00000   10.00000  9.09%  36.2 2330s
 1632637 160259 infeasible   87        11.00000   10.00000  9.09%  36.1 2335s
 1636249 159977   10.00000   91   17   11.00000   10.00000  9.09%  36.1 2340s
 1640167 159859 infeasible   88        11.00000   10.00000  9.09%  36.0 2345s
 1643780 159577 infeasible   84        11.00000   10.00000  9.09%  36.0 2350s
 1647455 158935   10.00000   74   27   11.00000   10.00000  9.09%  35.9 2355s
 1650908 158505 infeasible   70        11.00000   10.00000  9.09%  35.9 2360s
 1653825 157905 infeasible   79        11.00000   10.00000  9.09%  35.9 2365s
 1656504 157464   10.00000   82   28   11.00000   10.00000  9.09%  35.8 2370s
 1659737 156910   10.00000   78   13   11.00000   10.00000  9.09%  35.8 2375s
 1662618 156307 infeasible   67        11.00000   10.00000  9.09%  35.8 2380s
 1665693 155974 infeasible   69        11.00000   10.00000  9.09%  35.8 2385s
 1668398 155520 infeasible   78        11.00000   10.00000  9.09%  35.7 2390s
 1671859 155083   10.00000   83   30   11.00000   10.00000  9.09%  35.7 2395s
 1675192 154686 infeasible   77        11.00000   10.00000  9.09%  35.7 2400s
 1678596 154262 infeasible   82        11.00000   10.00000  9.09%  35.6 2405s
 1682233 154014 infeasible   73        11.00000   10.00000  9.09%  35.6 2410s
 1685919 153614   10.00000   67   32   11.00000   10.00000  9.09%  35.5 2415s
 1688913 153119 infeasible   85        11.00000   10.00000  9.09%  35.5 2420s
 1692222 152672 infeasible   94        11.00000   10.00000  9.09%  35.5 2425s
 1694814 152242 infeasible   83        11.00000   10.00000  9.09%  35.4 2430s
 1697766 151653 infeasible   71        11.00000   10.00000  9.09%  35.4 2435s
 1700659 151073   10.00000   91   13   11.00000   10.00000  9.09%  35.4 2440s
 1703897 150537 infeasible   78        11.00000   10.00000  9.09%  35.3 2445s
 1706674 150028 infeasible   80        11.00000   10.00000  9.09%  35.3 2450s
 1710084 149392 infeasible   75        11.00000   10.00000  9.09%  35.3 2455s
 1712741 148830   10.00000   66   18   11.00000   10.00000  9.09%  35.3 2460s
 1715783 148408 infeasible   73        11.00000   10.00000  9.09%  35.2 2465s
 1718588 148074 infeasible   79        11.00000   10.00000  9.09%  35.2 2470s
 1721459 147442 infeasible   85        11.00000   10.00000  9.09%  35.2 2475s
 1724479 147102   10.00000   74   24   11.00000   10.00000  9.09%  35.2 2480s
 1727412 146727 infeasible   76        11.00000   10.00000  9.09%  35.1 2485s
 1730047 146141 infeasible   72        11.00000   10.00000  9.09%  35.1 2490s
 1733600 145738   10.00000   82   30   11.00000   10.00000  9.09%  35.1 2495s
 1737333 145280 infeasible   78        11.00000   10.00000  9.09%  35.0 2500s
 1740693 144907   10.00000   87   13   11.00000   10.00000  9.09%  35.0 2505s
 1744189 144665 infeasible   91        11.00000   10.00000  9.09%  35.0 2510s
 1747157 144324 infeasible   86        11.00000   10.00000  9.09%  34.9 2515s
 1750368 143981 infeasible   73        11.00000   10.00000  9.09%  34.9 2520s
 1753257 143722   10.00000   83   10   11.00000   10.00000  9.09%  34.9 2525s
 1756334 143401   10.00000   70   22   11.00000   10.00000  9.09%  34.8 2530s
 1759097 143082 infeasible   78        11.00000   10.00000  9.09%  34.8 2535s
 1761935 142576 infeasible   91        11.00000   10.00000  9.09%  34.8 2540s
 1765163 142231   10.00000   75   17   11.00000   10.00000  9.09%  34.8 2545s
 1768125 141721 infeasible   68        11.00000   10.00000  9.09%  34.7 2550s
 1771426 141158 infeasible   80        11.00000   10.00000  9.09%  34.7 2555s
 1774471 140592 infeasible   83        11.00000   10.00000  9.09%  34.7 2560s
 1777758 139998 infeasible   81        11.00000   10.00000  9.09%  34.7 2565s
 1780769 139560 infeasible   69        11.00000   10.00000  9.09%  34.6 2570s
 1786029 138759   10.00000   79   44   11.00000   10.00000  9.09%  34.6 2575s
 1790749 137858   10.00000   66   42   11.00000   10.00000  9.09%  34.6 2580s
 1795089 137156   10.00000   75    6   11.00000   10.00000  9.09%  34.5 2585s
 1799851 136490   10.00000   87   36   11.00000   10.00000  9.09%  34.5 2590s
 1805789 135597   10.00000   71   13   11.00000   10.00000  9.09%  34.4 2595s
 1812222 134972   10.00000   86    7   11.00000   10.00000  9.09%  34.4 2600s
 1820902 134338 infeasible   73        11.00000   10.00000  9.09%  34.3 2605s
 1827948 133590   10.00000   88   31   11.00000   10.00000  9.09%  34.2 2610s
 1833337 132978 infeasible   64        11.00000   10.00000  9.09%  34.2 2615s
 1837904 132295 infeasible   91        11.00000   10.00000  9.09%  34.1 2620s
 1842513 131174   10.00000   78   43   11.00000   10.00000  9.09%  34.1 2625s
 1847069 130304 infeasible   64        11.00000   10.00000  9.09%  34.1 2630s
 1851970 129624 infeasible   83        11.00000   10.00000  9.09%  34.0 2635s
 1857262 128865   10.00000   68   76   11.00000   10.00000  9.09%  34.0 2640s
 1863288 127769 infeasible   87        11.00000   10.00000  9.09%  34.0 2645s
 1868601 126719 infeasible   76        11.00000   10.00000  9.09%  33.9 2650s
 1874103 125629   10.00000   86   16   11.00000   10.00000  9.09%  33.9 2655s
 1879591 124701   10.00000   75   26   11.00000   10.00000  9.09%  33.9 2660s
 1883543 124005   10.00000   83   38   11.00000   10.00000  9.09%  33.8 2665s
 1888357 123271 infeasible   71        11.00000   10.00000  9.09%  33.8 2670s
 1893856 122574   10.00000   78   28   11.00000   10.00000  9.09%  33.8 2675s
 1898533 121718 infeasible   77        11.00000   10.00000  9.09%  33.7 2680s
 1904184 120824 infeasible   77        11.00000   10.00000  9.09%  33.7 2685s
 1910012 119843 infeasible   84        11.00000   10.00000  9.09%  33.6 2690s
 1916684 118993   10.00000   80   23   11.00000   10.00000  9.09%  33.6 2695s
 1922967 118017   10.00000   84   14   11.00000   10.00000  9.09%  33.5 2700s
 1928754 117095   10.00000   77   48   11.00000   10.00000  9.09%  33.5 2705s
 1932616 116747 infeasible   81        11.00000   10.00000  9.09%  33.5 2710s
 1937310 115844   10.00000   86   21   11.00000   10.00000  9.09%  33.4 2715s
 1941847 114883   10.00000   69   39   11.00000   10.00000  9.09%  33.4 2720s
 1946595 114147 infeasible   82        11.00000   10.00000  9.09%  33.4 2725s
 1951630 113294 infeasible   83        11.00000   10.00000  9.09%  33.4 2730s
 1957020 112084 infeasible   75        11.00000   10.00000  9.09%  33.3 2735s
 1962599 111039 infeasible   95        11.00000   10.00000  9.09%  33.3 2740s
 1968231 110182 infeasible   81        11.00000   10.00000  9.09%  33.3 2745s
 1974603 109060 infeasible   85        11.00000   10.00000  9.09%  33.2 2750s
 1978896 108534 infeasible   90        11.00000   10.00000  9.09%  33.2 2755s
 1983966 107704   10.00000   74   37   11.00000   10.00000  9.09%  33.2 2760s
 1988521 106887   10.00000   89   27   11.00000   10.00000  9.09%  33.1 2765s
 1993165 106120 infeasible   77        11.00000   10.00000  9.09%  33.1 2770s
 1997885 105268   10.00000   74   19   11.00000   10.00000  9.09%  33.1 2775s
 2003107 104322   10.00000   88   10   11.00000   10.00000  9.09%  33.1 2780s
 2009092 103380   10.00000   76   51   11.00000   10.00000  9.09%  33.0 2785s
 2014727 102350   10.00000   75    3   11.00000   10.00000  9.09%  33.0 2790s
 2020403 101466 infeasible   71        11.00000   10.00000  9.09%  33.0 2795s
 2025666 100717 infeasible   77        11.00000   10.00000  9.09%  32.9 2800s
 2029903 99928 infeasible   74        11.00000   10.00000  9.09%  32.9 2805s
 2034528 99049   10.00000   88   22   11.00000   10.00000  9.09%  32.9 2810s
 2038753 98277   10.00000   82   21   11.00000   10.00000  9.09%  32.9 2815s
 2043307 97626   10.00000   87   12   11.00000   10.00000  9.09%  32.8 2820s
 2048117 96932   10.00000   78   31   11.00000   10.00000  9.09%  32.8 2825s
 2054461 96080 infeasible   79        11.00000   10.00000  9.09%  32.8 2830s
 2059871 94955 infeasible   78        11.00000   10.00000  9.09%  32.8 2835s
 2065377 93744 infeasible   71        11.00000   10.00000  9.09%  32.7 2840s
 2070809 92710   10.00000   86   19   11.00000   10.00000  9.09%  32.7 2845s
 2074723 92080   10.00000   66   60   11.00000   10.00000  9.09%  32.7 2850s
 2079027 91371   10.00000   72   62   11.00000   10.00000  9.09%  32.7 2855s
 2083761 90585 infeasible   82        11.00000   10.00000  9.09%  32.6 2860s
 2087876 89768 infeasible   84        11.00000   10.00000  9.09%  32.6 2865s
 2092532 89054 infeasible   84        11.00000   10.00000  9.09%  32.6 2870s
 2097599 88229 infeasible   74        11.00000   10.00000  9.09%  32.6 2875s
 2103249 87332   10.00000   83   22   11.00000   10.00000  9.09%  32.6 2880s
 2109042 86195   10.00000   70   37   11.00000   10.00000  9.09%  32.5 2885s
 2114934 85181 infeasible   81        11.00000   10.00000  9.09%  32.5 2890s
 2118687 84504 infeasible   87        11.00000   10.00000  9.09%  32.5 2895s
 2123624 83620 infeasible   81        11.00000   10.00000  9.09%  32.5 2900s
 2128276 82818   10.00000   74   17   11.00000   10.00000  9.09%  32.4 2905s
 2132720 82114 infeasible   72        11.00000   10.00000  9.09%  32.4 2910s
 2138014 81531   10.00000   84   25   11.00000   10.00000  9.09%  32.4 2915s
 2143220 80571   10.00000   79   30   11.00000   10.00000  9.09%  32.4 2920s
 2149116 79543   10.00000   78   72   11.00000   10.00000  9.09%  32.3 2925s
 2154988 78704   10.00000   74   26   11.00000   10.00000  9.09%  32.3 2930s
 2160790 77607   10.00000   87   12   11.00000   10.00000  9.09%  32.3 2935s
 2164948 76850   10.00000   71   17   11.00000   10.00000  9.09%  32.3 2940s
 2169888 76069   10.00000   91   10   11.00000   10.00000  9.09%  32.2 2945s
 2174178 75522 infeasible   93        11.00000   10.00000  9.09%  32.2 2950s
 2178969 74757 infeasible   81        11.00000   10.00000  9.09%  32.2 2955s
 2183799 74026 infeasible   84        11.00000   10.00000  9.09%  32.2 2960s
 2188447 73253   10.00000   71   32   11.00000   10.00000  9.09%  32.1 2965s
 2194157 72265   10.00000   81   29   11.00000   10.00000  9.09%  32.1 2970s
 2199937 71534 infeasible   83        11.00000   10.00000  9.09%  32.1 2975s
 2205311 70702 infeasible   74        11.00000   10.00000  9.09%  32.1 2980s
 2207699 70288 infeasible   76        11.00000   10.00000  9.09%  32.1 2985s
 2210044 69828 infeasible   74        11.00000   10.00000  9.09%  32.1 2990s
 2213120 69309 infeasible   74        11.00000   10.00000  9.09%  32.1 2995s
 2215449 69020 infeasible   82        11.00000   10.00000  9.09%  32.1 3000s
 2218218 68523 infeasible   68        11.00000   10.00000  9.09%  32.1 3005s
 2220507 68213   10.00000   76   25   11.00000   10.00000  9.09%  32.1 3010s
 2223061 67956 infeasible   71        11.00000   10.00000  9.09%  32.0 3015s
 2226312 67644   10.00000   75   29   11.00000   10.00000  9.09%  32.0 3020s
 2229061 67215 infeasible   82        11.00000   10.00000  9.09%  32.0 3025s
 2231666 66814   10.00000   80   16   11.00000   10.00000  9.09%  32.0 3030s
 2235332 66272   10.00000   71   35   11.00000   10.00000  9.09%  32.0 3035s
 2238706 65780   10.00000   71   38   11.00000   10.00000  9.09%  32.0 3040s
 2243510 65110 infeasible   78        11.00000   10.00000  9.09%  32.0 3045s
 2247893 64436 infeasible   78        11.00000   10.00000  9.09%  32.0 3050s
 2252310 63833   10.00000   78   30   11.00000   10.00000  9.09%  31.9 3055s
 2256688 63115   10.00000   70   61   11.00000   10.00000  9.09%  31.9 3060s
 2261021 62474 infeasible   76        11.00000   10.00000  9.09%  31.9 3065s
 2266170 61853   10.00000   65   52   11.00000   10.00000  9.09%  31.9 3070s
 2270673 61335   10.00000   77   32   11.00000   10.00000  9.09%  31.9 3075s
 2275299 60548 infeasible   70        11.00000   10.00000  9.09%  31.9 3080s
 2280300 59949 infeasible   76        11.00000   10.00000  9.09%  31.9 3085s
 2285997 59179 infeasible   84        11.00000   10.00000  9.09%  31.8 3090s
 2291321 58411   10.00000   78   16   11.00000   10.00000  9.09%  31.8 3095s
 2296099 57654 infeasible   75        11.00000   10.00000  9.09%  31.8 3100s
 2300124 56906   10.00000   69   56   11.00000   10.00000  9.09%  31.8 3105s
 2304568 56161 infeasible   72        11.00000   10.00000  9.09%  31.8 3110s
 2308885 55598 infeasible   86        11.00000   10.00000  9.09%  31.8 3115s
 2313298 54921 infeasible   86        11.00000   10.00000  9.09%  31.8 3120s
 2317913 54149   10.00000   76   32   11.00000   10.00000  9.09%  31.8 3125s
 2322641 53379   10.00000   76   13   11.00000   10.00000  9.09%  31.7 3130s
 2328169 52723 infeasible   70        11.00000   10.00000  9.09%  31.7 3135s
 2333954 51849 infeasible   73        11.00000   10.00000  9.09%  31.7 3140s
 2339859 51160   10.00000   79   60   11.00000   10.00000  9.09%  31.7 3145s
 2344306 50505 infeasible   71        11.00000   10.00000  9.09%  31.7 3150s
 2348207 49836 infeasible   73        11.00000   10.00000  9.09%  31.7 3155s
 2352423 49306   10.00000   71   34   11.00000   10.00000  9.09%  31.6 3160s
 2356902 48665   10.00000   70   17   11.00000   10.00000  9.09%  31.6 3165s
 2361263 47992 infeasible   79        11.00000   10.00000  9.09%  31.6 3170s
 2365693 47413 infeasible   67        11.00000   10.00000  9.09%  31.6 3175s
 2372055 46951 infeasible   87        11.00000   10.00000  9.09%  31.6 3180s
 2377656 46181   10.00000   71   51   11.00000   10.00000  9.09%  31.6 3185s
 2382981 45364   10.00000   72   40   11.00000   10.00000  9.09%  31.5 3190s
 2388303 44531 infeasible   73        11.00000   10.00000  9.09%  31.5 3195s
 2392297 44036 infeasible   73        11.00000   10.00000  9.09%  31.5 3200s
 2396167 43522 infeasible   67        11.00000   10.00000  9.09%  31.5 3205s
 2400828 43046 infeasible   86        11.00000   10.00000  9.09%  31.5 3210s
 2405337 42341   10.00000   70   29   11.00000   10.00000  9.09%  31.5 3215s
 2409350 41841 infeasible   71        11.00000   10.00000  9.09%  31.5 3220s
 2414343 41036 infeasible   81        11.00000   10.00000  9.09%  31.5 3225s
 2419871 40204   10.00000   70   65   11.00000   10.00000  9.09%  31.4 3230s
 2425136 39429   10.00000   76   38   11.00000   10.00000  9.09%  31.4 3235s
 2430759 38493 infeasible   72        11.00000   10.00000  9.09%  31.4 3240s
 2434793 37988   10.00000   76   20   11.00000   10.00000  9.09%  31.4 3245s
 2438923 37296 infeasible   71        11.00000   10.00000  9.09%  31.4 3250s
 2443211 36768   10.00000   72    7   11.00000   10.00000  9.09%  31.4 3255s
 2447609 36161 infeasible   69        11.00000   10.00000  9.09%  31.4 3260s
 2451887 35563 infeasible   81        11.00000   10.00000  9.09%  31.4 3265s
 2456993 34654   10.00000   76   20   11.00000   10.00000  9.09%  31.3 3270s
 2462250 33849 infeasible   89        11.00000   10.00000  9.09%  31.3 3275s
 2467516 33014   10.00000   73   36   11.00000   10.00000  9.09%  31.3 3280s
 2473102 32233 infeasible   77        11.00000   10.00000  9.09%  31.3 3285s
 2476454 31725   10.00000   67   75   11.00000   10.00000  9.09%  31.3 3290s
 2480860 31079   10.00000   75   34   11.00000   10.00000  9.09%  31.3 3295s
 2485357 30494   10.00000   85   35   11.00000   10.00000  9.09%  31.3 3300s
 2489534 29841 infeasible   80        11.00000   10.00000  9.09%  31.3 3305s
 2494118 29259 infeasible   72        11.00000   10.00000  9.09%  31.3 3310s
 2499118 28518 infeasible   73        11.00000   10.00000  9.09%  31.2 3315s
 2504795 27816 infeasible   67        11.00000   10.00000  9.09%  31.2 3320s
 2510462 27045   10.00000   73   13   11.00000   10.00000  9.09%  31.2 3325s
 2516056 26178   10.00000   77   39   11.00000   10.00000  9.09%  31.2 3330s
 2520279 25499   10.00000   83   25   11.00000   10.00000  9.09%  31.2 3335s
 2524200 24816 infeasible   63        11.00000   10.00000  9.09%  31.2 3340s
 2528349 24223   10.00000   68   30   11.00000   10.00000  9.09%  31.2 3345s
 2532851 23635 infeasible   67        11.00000   10.00000  9.09%  31.2 3350s
 2536958 22944   10.00000   73   34   11.00000   10.00000  9.09%  31.1 3355s
 2541468 22288 infeasible   73        11.00000   10.00000  9.09%  31.1 3360s
 2546889 21413   10.00000   70   57   11.00000   10.00000  9.09%  31.1 3365s
 2552095 20595 infeasible   77        11.00000   10.00000  9.09%  31.1 3370s
 2558021 19838   10.00000   73   12   11.00000   10.00000  9.09%  31.1 3375s
 2562798 19132 infeasible   77        11.00000   10.00000  9.09%  31.1 3380s
 2566561 18673 infeasible   82        11.00000   10.00000  9.09%  31.1 3385s
 2571008 18104 infeasible   69        11.00000   10.00000  9.09%  31.1 3390s
 2575995 17484 infeasible   79        11.00000   10.00000  9.09%  31.1 3395s
 2580493 16836 infeasible   76        11.00000   10.00000  9.09%  31.0 3400s
 2584130 16306 infeasible   74        11.00000   10.00000  9.09%  31.0 3405s
 2589461 15562   10.00000   72   42   11.00000   10.00000  9.09%  31.0 3410s
 2594732 14800   10.00000   65   52   11.00000   10.00000  9.09%  31.0 3415s
 2600429 14025 infeasible   72        11.00000   10.00000  9.09%  31.0 3420s
 2606057 13311   10.00000   77   26   11.00000   10.00000  9.09%  31.0 3425s
 2610716 12743 infeasible   92        11.00000   10.00000  9.09%  31.0 3430s
 2614862 12089 infeasible   75        11.00000   10.00000  9.09%  31.0 3435s
 2619300 11534   10.00000   71   34   11.00000   10.00000  9.09%  30.9 3440s
 2624009 10824 infeasible   80        11.00000   10.00000  9.09%  30.9 3445s
 2628264 10095 infeasible   83        11.00000   10.00000  9.09%  30.9 3450s
 2633221  9329 infeasible   78        11.00000   10.00000  9.09%  30.9 3455s
 2638612  8566 infeasible   67        11.00000   10.00000  9.09%  30.9 3460s
 2644027  7937 infeasible   69        11.00000   10.00000  9.09%  30.9 3465s
 2649702  7120   10.00000   79   28   11.00000   10.00000  9.09%  30.9 3470s
 2653573  6474 infeasible   72        11.00000   10.00000  9.09%  30.9 3475s
 2657678  5799 infeasible   70        11.00000   10.00000  9.09%  30.9 3480s
 2661861  5298 infeasible   78        11.00000   10.00000  9.09%  30.8 3485s
 2666279  4715   10.00000   80   21   11.00000   10.00000  9.09%  30.8 3490s
 2670442  4076 infeasible   83        11.00000   10.00000  9.09%  30.8 3495s
 2675242  3426   10.00000   79   49   11.00000   10.00000  9.09%  30.8 3500s
 2681104  2624   10.00000   66   27   11.00000   10.00000  9.09%  30.8 3505s
 2686402  1794 infeasible   72        11.00000   10.00000  9.09%  30.8 3510s
 2691365  1013 infeasible   70        11.00000   10.00000  9.09%  30.8 3515s
 2696505   293 infeasible   83        11.00000   10.00000  9.09%  30.8 3520s

Cutting planes:
  Gomory: 5
  Flow cover: 11
  Inf proof: 20
  Zero half: 42

Explored 2699313 nodes (83086626 simplex iterations) in 3523.76 seconds
Thread count was 4 (of 4 available processors)

Solution count 2: 11 117 

Optimal solution found (tolerance 0.00e+00)
Best objective 1.100000000000e+01, best bound 1.100000000000e+01, gap 0.0000%
Changed value of parameter mip_gap to 0.0
   Prev: 0.0001  Min: 0.0  Max: 1e+100  Default: 0.0001
Changed value of parameter time_limit to 3600.0
   Prev: 1e+100  Min: 0.0  Max: 1e+100  Default: 1e+100
Optimize a model with 106397 rows, 38088 columns and 299320 nonzeros
Variable types: 0 continuous, 38088 integer (38088 binary)
Coefficient statistics:
  Matrix range     [1e+00, 1e+00]
  Objective range  [1e+00, 1e+00]
  Bounds range     [1e+00, 1e+00]
  RHS range        [1e+00, 1e+00]
Presolve removed 16343 rows and 14382 columns
Presolve time: 2.79s
Presolved: 90054 rows, 23706 columns, 284608 nonzeros
Variable types: 0 continuous, 23706 integer (23706 binary)
Found heuristic solution: objective 138.0000000

Deterministic concurrent LP optimizer: primal and dual simplex
Showing first log only...

Presolved: 90054 rows, 23706 columns, 284608 nonzeros

Concurrent spin time: 0.00s

Solved with dual simplex

Root relaxation: objective 4.488372e+00, 1769 iterations, 0.45 seconds

    Nodes    |    Current Node    |     Objective Bounds      |     Work
 Expl Unexpl |  Obj  Depth IntInf | Incumbent    BestBd   Gap | It/Node Time

     0     0    4.48837    0  231  138.00000    4.48837  96.7%     -    4s
H    0     0                      12.0000000    4.48837  62.6%     -    4s
H    0     0                      11.0000000    4.48837  59.2%     -    6s
     0     0    6.11818    0  355   11.00000    6.11818  44.4%     -    7s
     0     0    6.11818    0  375   11.00000    6.11818  44.4%     -    8s
     0     0    8.50000    0  293   11.00000    8.50000  22.7%     -    9s
     0     0    8.50000    0  278   11.00000    8.50000  22.7%     -    9s
     0     0     cutoff    0        11.00000   11.00000  0.00%     -    9s
     0     0     cutoff    0        11.00000   11.00000  0.00%     -    9s

Cutting planes:
  Clique: 45
  Zero half: 14

Explored 1 nodes (16999 simplex iterations) in 9.79 seconds
Thread count was 4 (of 4 available processors)

Solution count 3: 11 12 138 

Optimal solution found (tolerance 0.00e+00)
Best objective 1.100000000000e+01, best bound 1.100000000000e+01, gap 0.0000%

Compute Server communication statistics:
  Sent: 3.6 MBytes in 346 msgs and 0.00s (0.00 MB/s)
  Received: 1.3 MBytes in 4273 msgs and 0.03s (48.85 MB/s)

